Log file open, 02/27/18 11:04:43
LogWindows: Failed to load 'aqProf.dll' (GetLastError=126)
LogWindows: File 'aqProf.dll' does not exist
LogWindows: Failed to load 'VSPerf140.dll' (GetLastError=126)
LogWindows: File 'VSPerf140.dll' does not exist
LogWindows: Failed to load 'VtuneApi.dll' (GetLastError=126)
LogWindows: File 'VtuneApi.dll' does not exist
LogWindows: Failed to load 'VtuneApi32e.dll' (GetLastError=126)
LogWindows: File 'VtuneApi32e.dll' does not exist
LogInit: Display: Running engine for game: The_Lifeboat
LogPlatformFile: Not using cached read wrapper
LogInit: Display: RandInit(-1741695780) SRandInit(-1741695779).
LogInit: Read version file with build ID '3709383'
LogInit: Overriding engine version to CL 3832480, compatible CL 3709383
LogInit: Registered custom module enumerator with build ID '3709383'
LogTaskGraph: Started task graph with 5 named threads and 26 total threads with 3 sets of task threads.
LogStats: Stats thread started at 0.329856
LogD3D11RHI: Aftermath initialized
LogModuleManager: Display: Found up-to-date module file ../../../Engine/Plugins/2D/Paper2D/Binaries/Win64/UE4Editor-Paper2D.dll (API version 3709383).
LogModuleManager: Display: Found up-to-date module file ../../../Engine/Plugins/2D/Paper2D/Binaries/Win64/UE4Editor-Paper2DEditor.dll (API version 3709383).
LogModuleManager: Display: Found up-to-date module file ../../../Engine/Plugins/2D/Paper2D/Binaries/Win64/UE4Editor-PaperSpriteSheetImporter.dll (API version 3709383).
LogModuleManager: Display: Found up-to-date module file ../../../Engine/Plugins/2D/Paper2D/Binaries/Win64/UE4Editor-PaperTiledImporter.dll (API version 3709383).
LogModuleManager: Display: Found up-to-date module file ../../../Engine/Plugins/2D/Paper2D/Binaries/Win64/UE4Editor-SmartSnapping.dll (API version 3709383).
LogModuleManager: Display: Found up-to-date module file ../../../Engine/Plugins/Blendables/LightPropagationVolume/Binaries/Win64/UE4Editor-LightPropagationVolumeRuntime.dll (API version 3709383).
LogModuleManager: Display: Found up-to-date module file ../../../Engine/Plugins/Blendables/LightPropagationVolume/Binaries/Win64/UE4Editor-LightPropagationVolumeEditor.dll (API version 3709383).
LogModuleManager: Display: Found up-to-date module file ../../../Engine/Plugins/Developer/GitSourceControl/Binaries/Win64/UE4Editor-GitSourceControl.dll (API version 3709383).
LogModuleManager: Display: Found up-to-date module file ../../../Engine/Plugins/Developer/PerforceSourceControl/Binaries/Win64/UE4Editor-PerforceSourceControl.dll (API version 3709383).
LogModuleManager: Display: Found up-to-date module file ../../../Engine/Plugins/Developer/SubversionSourceControl/Binaries/Win64/UE4Editor-SubversionSourceControl.dll (API version 3709383).
LogModuleManager: Display: Found up-to-date module file ../../../Engine/Plugins/Developer/UObjectPlugin/Binaries/Win64/UE4Editor-UObjectPlugin.dll (API version 3709383).
LogModuleManager: Display: Found up-to-date module file ../../../Engine/Plugins/Developer/VisualStudioCodeSourceCodeAccess/Binaries/Win64/UE4Editor-VisualStudioCodeSourceCodeAccess.dll (API version 3709383).
LogModuleManager: Display: Found up-to-date module file ../../../Engine/Plugins/Developer/VisualStudioSourceCodeAccess/Binaries/Win64/UE4Editor-VisualStudioSourceCodeAccess.dll (API version 3709383).
LogModuleManager: Display: Found up-to-date module file ../../../Engine/Plugins/Editor/AssetManagerEditor/Binaries/Win64/UE4Editor-AssetManagerEditor.dll (API version 3709383).
LogModuleManager: Display: Found up-to-date module file ../../../Engine/Plugins/Editor/AudioCapture/Binaries/Win64/UE4Editor-AudioCapture.dll (API version 3709383).
LogModuleManager: Display: Found up-to-date module file ../../../Engine/Plugins/Editor/FacialAnimation/Binaries/Win64/UE4Editor-FacialAnimation.dll (API version 3709383).
LogModuleManager: Display: Found up-to-date module file ../../../Engine/Plugins/Editor/FacialAnimation/Binaries/Win64/UE4Editor-FacialAnimationEditor.dll (API version 3709383).
LogModuleManager: Display: Found up-to-date module file ../../../Engine/Plugins/Editor/GameplayTagsEditor/Binaries/Win64/UE4Editor-GameplayTagsEditor.dll (API version 3709383).
LogModuleManager: Display: Found up-to-date module file ../../../Engine/Plugins/Editor/MobileLauncherProfileWizard/Binaries/Win64/UE4Editor-MobileLauncherProfileWizard.dll (API version 3709383).
LogModuleManager: Display: Found up-to-date module file ../../../Engine/Plugins/Editor/PluginBrowser/Binaries/Win64/UE4Editor-PluginBrowser.dll (API version 3709383).
LogModuleManager: Display: Found up-to-date module file ../../../Engine/Plugins/Editor/SpeedTreeImporter/Binaries/Win64/UE4Editor-SpeedTreeImporter.dll (API version 3709383).
LogModuleManager: Display: Found up-to-date module file ../../../Engine/Plugins/Experimental/AlembicImporter/Binaries/Win64/UE4Editor-AlembicImporter.dll (API version 3709383).
LogModuleManager: Display: Found up-to-date module file ../../../Engine/Plugins/Experimental/AlembicImporter/Binaries/Win64/UE4Editor-AlembicLibrary.dll (API version 3709383).
LogModuleManager: Display: Found up-to-date module file ../../../Engine/Plugins/Experimental/CharacterAI/Binaries/Win64/UE4Editor-CharacterAI.dll (API version 3709383).
LogModuleManager: Display: Found up-to-date module file ../../../Engine/Plugins/Experimental/HTML5Networking/Binaries/Win64/UE4Editor-HTML5Networking.dll (API version 3709383).
LogModuleManager: Display: Found up-to-date module file ../../../Engine/Plugins/Media/AndroidMedia/Binaries/Win64/UE4Editor-AndroidMediaEditor.dll (API version 3709383).
LogModuleManager: Display: Found up-to-date module file ../../../Engine/Plugins/Media/AndroidMedia/Binaries/Win64/UE4Editor-AndroidMediaFactory.dll (API version 3709383).
LogModuleManager: Display: Found up-to-date module file ../../../Engine/Plugins/Media/AvfMedia/Binaries/Win64/UE4Editor-AvfMediaEditor.dll (API version 3709383).
LogModuleManager: Display: Found up-to-date module file ../../../Engine/Plugins/Media/AvfMedia/Binaries/Win64/UE4Editor-AvfMediaFactory.dll (API version 3709383).
LogModuleManager: Display: Found up-to-date module file ../../../Engine/Plugins/Media/AvfMedia/Binaries/Win64/UE4Editor-AvfMediaFactory.dll (API version 3709383).
LogModuleManager: Display: Found up-to-date module file ../../../Engine/Plugins/Media/ImgMedia/Binaries/Win64/UE4Editor-ImgMedia.dll (API version 3709383).
LogModuleManager: Display: Found up-to-date module file ../../../Engine/Plugins/Media/ImgMedia/Binaries/Win64/UE4Editor-ImgMediaEditor.dll (API version 3709383).
LogModuleManager: Display: Found up-to-date module file ../../../Engine/Plugins/Media/ImgMedia/Binaries/Win64/UE4Editor-ImgMediaFactory.dll (API version 3709383).
LogModuleManager: Display: Found up-to-date module file ../../../Engine/Plugins/Media/ImgMedia/Binaries/Win64/UE4Editor-ImgMediaFactory.dll (API version 3709383).
LogModuleManager: Display: Found up-to-date module file ../../../Engine/Plugins/Media/ImgMedia/Binaries/Win64/UE4Editor-OpenExrWrapper.dll (API version 3709383).
LogModuleManager: Display: Found up-to-date module file ../../../Engine/Plugins/Media/MediaCompositing/Binaries/Win64/UE4Editor-MediaCompositing.dll (API version 3709383).
LogModuleManager: Display: Found up-to-date module file ../../../Engine/Plugins/Media/MediaCompositing/Binaries/Win64/UE4Editor-MediaCompositingEditor.dll (API version 3709383).
LogModuleManager: Display: Found up-to-date module file ../../../Engine/Plugins/Media/MediaPlayerEditor/Binaries/Win64/UE4Editor-MediaPlayerEditor.dll (API version 3709383).
LogModuleManager: Display: Found up-to-date module file ../../../Engine/Plugins/Media/WmfMedia/Binaries/Win64/UE4Editor-WmfMedia.dll (API version 3709383).
LogModuleManager: Display: Found up-to-date module file ../../../Engine/Plugins/Media/WmfMedia/Binaries/Win64/UE4Editor-WmfMediaEditor.dll (API version 3709383).
LogModuleManager: Display: Found up-to-date module file ../../../Engine/Plugins/Media/WmfMedia/Binaries/Win64/UE4Editor-WmfMediaFactory.dll (API version 3709383).
LogModuleManager: Display: Found up-to-date module file ../../../Engine/Plugins/Media/WmfMedia/Binaries/Win64/UE4Editor-WmfMediaFactory.dll (API version 3709383).
LogModuleManager: Display: Found up-to-date module file ../../../Engine/Plugins/Messaging/TcpMessaging/Binaries/Win64/UE4Editor-TcpMessaging.dll (API version 3709383).
LogModuleManager: Display: Found up-to-date module file ../../../Engine/Plugins/Messaging/UdpMessaging/Binaries/Win64/UE4Editor-UdpMessaging.dll (API version 3709383).
LogModuleManager: Display: Found up-to-date module file ../../../Engine/Plugins/MovieScene/ActorSequence/Binaries/Win64/UE4Editor-ActorSequence.dll (API version 3709383).
LogModuleManager: Display: Found up-to-date module file ../../../Engine/Plugins/MovieScene/LevelSequenceEditor/Binaries/Win64/UE4Editor-LevelSequenceEditor.dll (API version 3709383).
LogModuleManager: Display: Found up-to-date module file ../../../Engine/Plugins/MovieScene/MatineeToLevelSequence/Binaries/Win64/UE4Editor-MatineeToLevelSequence.dll (API version 3709383).
LogModuleManager: Display: Found up-to-date module file ../../../Engine/Plugins/Online/OnlineSubsystem/Binaries/Win64/UE4Editor-OnlineSubsystem.dll (API version 3709383).
LogModuleManager: Display: Found up-to-date module file ../../../Engine/Plugins/Runtime/AndroidPermission/Binaries/Win64/UE4Editor-AndroidPermission.dll (API version 3709383).
LogModuleManager: Display: Found up-to-date module file ../../../Engine/Plugins/Online/OnlineSubsystemNull/Binaries/Win64/UE4Editor-OnlineSubsystemNull.dll (API version 3709383).
LogModuleManager: Display: Found up-to-date module file ../../../Engine/Plugins/Online/OnlineSubsystemUtils/Binaries/Win64/UE4Editor-OnlineSubsystemUtils.dll (API version 3709383).
LogModuleManager: Display: Found up-to-date module file ../../../Engine/Plugins/Online/OnlineSubsystemUtils/Binaries/Win64/UE4Editor-OnlineBlueprintSupport.dll (API version 3709383).
LogModuleManager: Display: Found up-to-date module file ../../../Engine/Plugins/Runtime/AndroidDeviceProfileSelector/Binaries/Win64/UE4Editor-AndroidDeviceProfileSelector.dll (API version 3709383).
LogModuleManager: Display: Found up-to-date module file ../../../Engine/Plugins/Runtime/AppleARKit/Binaries/Win64/UE4Editor-AppleARKit.dll (API version 3709383).
LogModuleManager: Display: Found up-to-date module file ../../../Engine/Plugins/Runtime/ArchVisCharacter/Binaries/Win64/UE4Editor-ArchVisCharacter.dll (API version 3709383).
LogModuleManager: Display: Found up-to-date module file ../../../Engine/Plugins/Runtime/CableComponent/Binaries/Win64/UE4Editor-CableComponent.dll (API version 3709383).
LogModuleManager: Display: Found up-to-date module file ../../../Engine/Plugins/Runtime/CustomMeshComponent/Binaries/Win64/UE4Editor-CustomMeshComponent.dll (API version 3709383).
LogModuleManager: Display: Found up-to-date module file ../../../Engine/Plugins/Runtime/ExampleDeviceProfileSelector/Binaries/Win64/UE4Editor-ExampleDeviceProfileSelector.dll (API version 3709383).
LogModuleManager: Display: Found up-to-date module file ../../../Engine/Plugins/Runtime/ImmediatePhysics/Binaries/Win64/UE4Editor-ImmediatePhysics.dll (API version 3709383).
LogModuleManager: Display: Found up-to-date module file ../../../Engine/Plugins/Runtime/ImmediatePhysics/Binaries/Win64/UE4Editor-ImmediatePhysicsEditor.dll (API version 3709383).
LogModuleManager: Display: Found up-to-date module file ../../../Engine/Plugins/Runtime/LocationServicesBPLibrary/Binaries/Win64/UE4Editor-LocationServicesBPLibrary.dll (API version 3709383).
LogModuleManager: Display: Found up-to-date module file ../../../Engine/Plugins/Runtime/MobilePatchingUtils/Binaries/Win64/UE4Editor-MobilePatchingUtils.dll (API version 3709383).
LogModuleManager: Display: Found up-to-date module file ../../../Engine/Plugins/Runtime/Oculus/OculusVR/Binaries/Win64/UE4Editor-OculusHMD.dll (API version 3709383).
LogModuleManager: Display: Found up-to-date module file ../../../Engine/Plugins/Runtime/Oculus/OculusVR/Binaries/Win64/UE4Editor-OculusInput.dll (API version 3709383).
LogModuleManager: Display: Found up-to-date module file ../../../Engine/Plugins/Runtime/Oculus/OculusVR/Binaries/Win64/UE4Editor-OculusEditor.dll (API version 3709383).
LogModuleManager: Display: Found up-to-date module file ../../../Engine/Plugins/Runtime/PhysXVehicles/Binaries/Win64/UE4Editor-PhysXVehicles.dll (API version 3709383).
LogModuleManager: Display: Found up-to-date module file ../../../Engine/Plugins/Runtime/PhysXVehicles/Binaries/Win64/UE4Editor-PhysXVehiclesEditor.dll (API version 3709383).
LogModuleManager: Display: Found up-to-date module file ../../../Engine/Plugins/Runtime/ProceduralMeshComponent/Binaries/Win64/UE4Editor-ProceduralMeshComponent.dll (API version 3709383).
LogModuleManager: Display: Found up-to-date module file ../../../Engine/Plugins/Runtime/ProceduralMeshComponent/Binaries/Win64/UE4Editor-ProceduralMeshComponentEditor.dll (API version 3709383).
LogModuleManager: Display: Found up-to-date module file ../../../Engine/Plugins/Runtime/RuntimePhysXCooking/Binaries/Win64/UE4Editor-RuntimePhysXCooking.dll (API version 3709383).
LogModuleManager: Display: Found up-to-date module file ../../../Engine/Plugins/Runtime/Steam/SteamVR/Binaries/Win64/UE4Editor-SteamVR.dll (API version 3709383).
LogModuleManager: Display: Found up-to-date module file ../../../Engine/Plugins/Runtime/Steam/SteamVR/Binaries/Win64/UE4Editor-SteamVRController.dll (API version 3709383).
LogModuleManager: Display: Found up-to-date module file ../../../Engine/Plugins/Runtime/WindowsMoviePlayer/Binaries/Win64/UE4Editor-WindowsMoviePlayer.dll (API version 3709383).
LogPluginManager: Mounting plugin Paper2D
LogPluginManager: Mounting plugin LightPropagationVolume
LogPluginManager: Mounting plugin CodeLiteSourceCodeAccess
LogPluginManager: Mounting plugin GitSourceControl
LogPluginManager: Mounting plugin KDevelopSourceCodeAccess
LogPluginManager: Mounting plugin NullSourceCodeAccess
LogPluginManager: Mounting plugin PerforceSourceControl
LogPluginManager: Mounting plugin SubversionSourceControl
LogPluginManager: Mounting plugin UObjectPlugin
LogPluginManager: Mounting plugin VisualStudioCodeSourceCodeAccess
LogPluginManager: Mounting plugin VisualStudioSourceCodeAccess
LogPluginManager: Mounting plugin XCodeSourceCodeAccess
LogPluginManager: Mounting plugin AssetManagerEditor
LogPluginManager: Mounting plugin AudioCapture
LogPluginManager: Mounting plugin FacialAnimation
LogPluginManager: Mounting plugin GameplayTagsEditor
LogPluginManager: Mounting plugin MobileLauncherProfileWizard
LogPluginManager: Mounting plugin PluginBrowser
LogPluginManager: Mounting plugin SpeedTreeImporter
LogPluginManager: Mounting plugin AlembicImporter
LogPluginManager: Mounting plugin CharacterAI
LogPluginManager: Mounting plugin HTML5Networking
LogPluginManager: Mounting plugin AndroidMedia
LogPluginManager: Mounting plugin AvfMedia
LogPluginManager: Mounting plugin ImgMedia
LogPluginManager: Mounting plugin MediaCompositing
LogPluginManager: Mounting plugin MediaPlayerEditor
LogPluginManager: Mounting plugin WmfMedia
LogPluginManager: Mounting plugin TcpMessaging
LogPluginManager: Mounting plugin UdpMessaging
LogPluginManager: Mounting plugin ActorSequence
LogPluginManager: Mounting plugin LevelSequenceEditor
LogPluginManager: Mounting plugin MatineeToLevelSequence
LogPluginManager: Mounting plugin OnlineSubsystemGooglePlay
LogPluginManager: Mounting plugin OnlineSubsystemIOS
LogPluginManager: Mounting plugin OnlineSubsystem
LogPluginManager: Mounting plugin OnlineSubsystemNull
LogPluginManager: Mounting plugin OnlineSubsystemUtils
LogPluginManager: Mounting plugin AndroidDeviceProfileSelector
LogPluginManager: Mounting plugin AndroidMoviePlayer
LogPluginManager: Mounting plugin AndroidPermission
LogPluginManager: Mounting plugin AppleARKit
LogPluginManager: Mounting plugin AppleMoviePlayer
LogPluginManager: Mounting plugin ArchVisCharacter
LogPluginManager: Mounting plugin CableComponent
LogPluginManager: Mounting plugin CustomMeshComponent
LogPluginManager: Mounting plugin ExampleDeviceProfileSelector
LogPluginManager: Mounting plugin GoogleCloudMessaging
LogPluginManager: Mounting plugin ImmediatePhysics
LogPluginManager: Mounting plugin IOSDeviceProfileSelector
LogPluginManager: Mounting plugin LinuxDeviceProfileSelector
LogPluginManager: Mounting plugin LocationServicesBPLibrary
LogPluginManager: Mounting plugin MobilePatchingUtils
LogPluginManager: Mounting plugin OculusVR
LogPluginManager: Plugin shader directory ../../../Engine/Plugins/Runtime/Oculus/OculusVR/Shaders found
LogPluginManager: Mapping shader source directory ../../../Engine/Plugins/Runtime/Oculus/OculusVR/Shaders to virtual directory /Plugin/OculusVR
LogPluginManager: Mounting plugin PhysXVehicles
LogPluginManager: Mounting plugin ProceduralMeshComponent
LogPluginManager: Mounting plugin RuntimePhysXCooking
LogPluginManager: Mounting plugin SteamVR
LogPluginManager: Mounting plugin WindowsMoviePlayer
LogInit: Using libcurl 7.47.1
LogInit:  - built for x86_64-pc-win32
LogInit:  - supports SSL with OpenSSL/1.0.2g
LogInit:  - supports HTTP deflate (compression) using libz 1.2.8
LogInit:  - other features:
LogInit:      CURL_VERSION_SSL
LogInit:      CURL_VERSION_LIBZ
LogInit:      CURL_VERSION_IPV6
LogInit:      CURL_VERSION_ASYNCHDNS
LogInit:      CURL_VERSION_LARGEFILE
LogInit:      CURL_VERSION_IDN
LogInit:  CurlRequestOptions (configurable via config and command line):
LogInit:  - bVerifyPeer = false  - Libcurl will NOT verify peer certificate
LogInit:  - bUseHttpProxy = false  - Libcurl will NOT use HTTP proxy
LogInit:  - bDontReuseConnections = false  - Libcurl will reuse connections
LogInit:  - CertBundlePath = nullptr  - Libcurl will use whatever was configured at build time.
LogInit: Build: ++UE4+Release-4.18-CL-3832480
LogInit: Engine Version: 4.18.3-3832480+++UE4+Release-4.18
LogInit: Compatible Engine Version: 4.18.0-3709383+++UE4+Release-4.18
LogInit: Net CL: 3709383
LogDevObjectVersion: Number of dev versions registered: 16
LogDevObjectVersion:   Dev-Blueprints (B0D832E4-1F89-4F0D-ACCF-7EB736FD4AA2): 10
LogDevObjectVersion:   Dev-Build (E1C64328-A22C-4D53-A36C-8E866417BD8C): 0
LogDevObjectVersion:   Dev-Core (375EC13C-06E4-48FB-B500-84F0262A717E): 2
LogDevObjectVersion:   Dev-Editor (E4B068ED-F494-42E9-A231-DA0B2E46BB41): 20
LogDevObjectVersion:   Dev-Framework (CFFC743F-43B0-4480-9391-14DF171D2073): 30
LogDevObjectVersion:   Dev-Mobile (B02B49B5-BB20-44E9-A304-32B752E40360): 0
LogDevObjectVersion:   Dev-Networking (A4E4105C-59A1-49B5-A7C5-40C4547EDFEE): 0
LogDevObjectVersion:   Dev-Online (39C831C9-5AE6-47DC-9A44-9C173E1C8E7C): 0
LogDevObjectVersion:   Dev-Physics (78F01B33-EBEA-4F98-B9B4-84EACCB95AA2): 0
LogDevObjectVersion:   Dev-Platform (6631380F-2D4D-43E0-8009-CF276956A95A): 0
LogDevObjectVersion:   Dev-Rendering (12F88B9F-8875-4AFC-A67C-D90C383ABD29): 20
LogDevObjectVersion:   Dev-Sequencer (7B5AE74C-D270-4C10-A958-57980B212A5A): 4
LogDevObjectVersion:   Dev-VR (D7296918-1DD6-4BDD-9DE2-64A83CC13884): 0
LogDevObjectVersion:   Dev-LoadTimes (C2A15278-BFE7-4AFE-6C17-90FF531DF755): 1
LogDevObjectVersion:   Private-Geometry (6EACA3D4-40EC-4CC1-B786-8BED09428FC5): 1
LogDevObjectVersion:   Dev-AnimPhys (29E575DD-E0A3-4627-9D10-D276232CDCEA): 12
LogInit: Compiled (64-bit): Jan 12 2018 02:04:55
LogInit: Compiled with Visual C++: 19.00.24215.01
LogInit: Build Configuration: Development
LogInit: Branch Name: ++UE4+Release-4.18
LogInit: Command line:  
LogInit: Base directory: D:/Program Files/Epic Games/UE_4.18/Engine/Binaries/Win64/
LogInit: Installed Engine Build: 1
LogInit: Presizing for max 8388607 objects, including 0 objects not considered by GC, pre-allocating 0 bytes for permanent pool.
LogInit: Object subsystem initialized
[2018.02.27-10.04.45:275][  0]LogInit: Selected Device Profile: [Windows]
[2018.02.27-10.04.45:275][  0]LogInit: Applying CVar settings loaded from the selected device profile: [Windows]
[2018.02.27-10.04.45:298][  0]LogInit: Computer: DESKTOP-9GGG7G4
[2018.02.27-10.04.45:298][  0]LogInit: User: Phong
[2018.02.27-10.04.45:298][  0]LogInit: CPU Page size=4096, Cores=8
[2018.02.27-10.04.45:298][  0]LogInit: High frequency timer resolution =2.924193 MHz
[2018.02.27-10.04.45:298][  0]LogMemory: Memory total: Physical=15.9GB (16GB approx)
[2018.02.27-10.04.45:298][  0]LogMemory: Platform Memory Stats for Windows
[2018.02.27-10.04.45:298][  0]LogMemory: Process Physical Memory: 276.88 MB used, 276.88 MB peak
[2018.02.27-10.04.45:298][  0]LogMemory: Process Virtual Memory: 270.71 MB used, 270.71 MB peak
[2018.02.27-10.04.45:298][  0]LogMemory: Physical Memory: 6521.77 MB used,  9808.84 MB free, 16330.61 MB total
[2018.02.27-10.04.45:298][  0]LogMemory: Virtual Memory: 688.16 MB used,  9808.84 MB free, 134217728.00 MB total
[2018.02.27-10.04.45:443][  0]LogInit: Using OS detected language (en-US).
[2018.02.27-10.04.45:443][  0]LogInit: Using OS detected locale (en-US).
[2018.02.27-10.04.45:447][  0]LogTextLocalizationManager: No specific localization for 'en-US' exists, so the 'en' localization will be used.
[2018.02.27-10.04.45:964][  0]LogInit: Setting process to per monitor DPI aware
[2018.02.27-10.04.46:257][  0]LogD3D11RHI: D3D11 adapters:
[2018.02.27-10.04.46:317][  0]LogD3D11RHI:    0. 'NVIDIA GeForce GTX 1060 6GB' (Feature Level 11_0)
[2018.02.27-10.04.46:317][  0]LogD3D11RHI:       6052/0/8165 MB DedicatedVideo/DedicatedSystem/SharedSystem, Outputs:1, VendorId:0x10de
[2018.02.27-10.04.46:321][  0]LogD3D11RHI:    1. 'Microsoft Basic Render Driver' (Feature Level 11_0)
[2018.02.27-10.04.46:321][  0]LogD3D11RHI:       0/0/8165 MB DedicatedVideo/DedicatedSystem/SharedSystem, Outputs:0, VendorId:0x1414
[2018.02.27-10.04.46:321][  0]LogD3D11RHI: Chosen D3D11 Adapter: 0
[2018.02.27-10.04.46:330][  0]LogD3D11RHI: Creating new Direct3DDevice
[2018.02.27-10.04.46:330][  0]LogD3D11RHI:     GPU DeviceId: 0x1c03 (for the marketing name, search the web for "GPU Device Id")
[2018.02.27-10.04.46:330][  0]LogWindows: EnumDisplayDevices:
[2018.02.27-10.04.46:330][  0]LogWindows:    0. 'NVIDIA GeForce GTX 1060 6GB' (P:1 D:1)
[2018.02.27-10.04.46:331][  0]LogWindows:    1. 'NVIDIA GeForce GTX 1060 6GB' (P:0 D:0)
[2018.02.27-10.04.46:331][  0]LogWindows:    2. 'NVIDIA GeForce GTX 1060 6GB' (P:0 D:0)
[2018.02.27-10.04.46:331][  0]LogWindows:    3. 'NVIDIA GeForce GTX 1060 6GB' (P:0 D:0)
[2018.02.27-10.04.46:331][  0]LogWindows: DebugString: GetVideoDriverDetailsInvalid PrimaryIsNotTheChoosenAdapter GetVideoDriverDetailsInvalid PrimaryIsNotTheChoosenAdapter GetVideoDriverDetailsInvalid PrimaryIsNotTheChoosenAdapter GetVideoDriverDetailsInvalid PrimaryIsNotTheChoosenAdapter FoundDriverCount:0 
[2018.02.27-10.04.46:331][  0]LogD3D11RHI:     Adapter Name: NVIDIA GeForce GTX 1060 6GB
[2018.02.27-10.04.46:331][  0]LogD3D11RHI:   Driver Version: Unknown (internal:Unknown, unified:Unknown)
[2018.02.27-10.04.46:331][  0]LogD3D11RHI:      Driver Date: Unknown
[2018.02.27-10.04.46:331][  0]LogRHI: Texture pool is 4236 MB (70% of 6052 MB)
[2018.02.27-10.04.46:370][  0]LogD3D11RHI: Async texture creation enabled
[2018.02.27-10.04.46:388][  0]LogD3D11RHI: GPU Timing Frequency: 1000.000000 (Debug: 2 2)
[2018.02.27-10.04.46:439][  0]LogShaderCompilers: Guid format shader working directory is -23 characters bigger than the processId version (../../../../../../Users/metin/Documents/Unreal Projects/The_Lifeboat/Intermediate/Shaders/WorkingDirectory/13480/).
[2018.02.27-10.04.46:439][  0]LogShaderCompilers: Cleaned the shader compiler working directory 'C:/Users/metin/AppData/Local/Temp/UnrealShaderWorkingDir/A27266E547264EA47B352D8D5A3D3594/'.
[2018.02.27-10.04.46:439][  0]LogShaderCompilers: Display: Using Local Shader Compiler.
[2018.02.27-10.04.47:675][  0]LogTemp: Display: Loaded TP AllDesktopTargetPlatform
[2018.02.27-10.04.47:728][  0]LogTemp: Display: Loaded TP MacClientTargetPlatform
[2018.02.27-10.04.47:781][  0]LogTemp: Display: Loaded TP MacNoEditorTargetPlatform
[2018.02.27-10.04.47:834][  0]LogTemp: Display: Loaded TP MacServerTargetPlatform
[2018.02.27-10.04.47:886][  0]LogTemp: Display: Loaded TP MacTargetPlatform
[2018.02.27-10.04.47:940][  0]LogTemp: Display: Loaded TP WindowsClientTargetPlatform
[2018.02.27-10.04.48:007][  0]LogTemp: Display: Loaded TP WindowsNoEditorTargetPlatform
[2018.02.27-10.04.48:059][  0]LogTemp: Display: Loaded TP WindowsServerTargetPlatform
[2018.02.27-10.04.48:103][  0]LogTemp: Display: Loaded TP WindowsTargetPlatform
[2018.02.27-10.04.48:156][  0]LogTemp: Display: Loaded TP Android_ASTCTargetPlatform
[2018.02.27-10.04.48:208][  0]LogTemp: Display: Loaded TP Android_ATCTargetPlatform
[2018.02.27-10.04.48:281][  0]LogTemp: Display: Loaded TP Android_DXTTargetPlatform
[2018.02.27-10.04.48:355][  0]LogTemp: Display: Loaded TP Android_ETC1TargetPlatform
[2018.02.27-10.04.48:454][  0]LogTemp: Display: Loaded TP Android_ETC2TargetPlatform
[2018.02.27-10.04.48:609][  0]LogTemp: Display: Loaded TP Android_MultiTargetPlatform
[2018.02.27-10.04.48:609][  0]LogTemp: Display: Loaded TP Android_PVRTCTargetPlatform
[2018.02.27-10.04.48:682][  0]LogTemp: Display: Loaded TP AndroidTargetPlatform
[2018.02.27-10.04.48:720][  0]LogTemp: Display: Loaded TP HTML5TargetPlatform
[2018.02.27-10.04.48:811][  0]LogTemp: Display: Loaded TP IOSTargetPlatform
[2018.02.27-10.04.48:870][  0]LogTemp: Display: Loaded TP TVOSTargetPlatform
[2018.02.27-10.04.48:937][  0]LogTemp: Display: Loaded TP LinuxClientTargetPlatform
[2018.02.27-10.04.48:992][  0]LogTemp: Display: Loaded TP LinuxNoEditorTargetPlatform
[2018.02.27-10.04.49:043][  0]LogTemp: Display: Loaded TP LinuxServerTargetPlatform
[2018.02.27-10.04.49:096][  0]LogTemp: Display: Loaded TP LinuxTargetPlatform
[2018.02.27-10.04.49:096][  0]LogTargetPlatformManager: Display: Building Assets For Windows
[2018.02.27-10.04.49:589][  0]LogDerivedDataCache: Display: Max Cache Size: 512 MB
[2018.02.27-10.04.49:672][  0]LogDerivedDataCache: Loaded boot cache 0.08s 78MB C:/Users/metin/AppData/Local/UnrealEngine/4.18/DerivedDataCache/Boot.ddc.
[2018.02.27-10.04.49:672][  0]LogDerivedDataCache: Display: Loaded Boot cache: C:/Users/metin/AppData/Local/UnrealEngine/4.18/DerivedDataCache/Boot.ddc
[2018.02.27-10.04.49:672][  0]LogDerivedDataCache: FDerivedDataBackendGraph:  Pak pak cache file ../../../../../../Users/metin/Documents/Unreal Projects/The_Lifeboat/DerivedDataCache/DDC.ddp not found, will not use a pak cache.
[2018.02.27-10.04.49:672][  0]LogDerivedDataCache: Unable to find inner node Pak for hierarchical cache Hierarchy.
[2018.02.27-10.04.49:673][  0]LogDerivedDataCache: FDerivedDataBackendGraph:  CompressedPak pak cache file ../../../../../../Users/metin/Documents/Unreal Projects/The_Lifeboat/DerivedDataCache/Compressed.ddp not found, will not use a pak cache.
[2018.02.27-10.04.49:673][  0]LogDerivedDataCache: Unable to find inner node CompressedPak for hierarchical cache Hierarchy.
[2018.02.27-10.04.49:699][  0]LogDerivedDataCache: Display: Pak cache opened for reading ../../../Engine/DerivedDataCache/Compressed.ddp.
[2018.02.27-10.04.49:712][  0]LogDerivedDataCache: Using Local data cache path C:/Users/metin/AppData/Local/UnrealEngine/Common/DerivedDataCache: Writable
[2018.02.27-10.04.49:737][  0]LogMaterial: Verifying Global Shaders for PCD3D_SM5
[2018.02.27-10.04.49:737][  0]LogSlate: Using Freetype 2.6.0
[2018.02.27-10.04.49:738][  0]LogSlate: SlateFontCache - WITH_FREETYPE: 1, WITH_HARFBUZZ: 1
[2018.02.27-10.04.49:738][  0]LogSlate: SlateFontCache - WITH_FREETYPE: 1, WITH_HARFBUZZ: 1
[2018.02.27-10.04.50:270][  0]LogInit: Selected Device Profile: [Windows]
[2018.02.27-10.04.50:694][  0]LogSimplygon: Simplygon DLL not present - disabling.
[2018.02.27-10.04.50:732][  0]LogMeshReduction: Using SimplygonSwarm for distributed automatic mesh merging
[2018.02.27-10.04.50:732][  0]LogMeshReduction: Using QuadricMeshReduction for automatic static mesh reduction
[2018.02.27-10.04.50:732][  0]LogMeshReduction: No automatic skeletal mesh reduction module available
[2018.02.27-10.04.50:732][  0]LogMeshReduction: No automatic mesh merging module available
[2018.02.27-10.04.50:732][  0]LogMeshMerging: No automatic mesh merging module available
[2018.02.27-10.04.50:769][  0]LogNetVersion: The_Lifeboat , NetCL: 3709383, EngineNetVer: 2, GameNetVer: 0 (Checksum: 634560090)
[2018.02.27-10.04.50:978][  0]LogAssetRegistry: FAssetRegistry took 0.0277 seconds to start up
[2018.02.27-10.04.51:663][  0]LogPackageLocalizationCache: Processed 7 localized package path(s) for 2 prioritized culture(s) in 0.096010 seconds
[2018.02.27-10.04.51:671][  0]LogUObjectArray: 35870 objects as part of root set at end of initial load.
[2018.02.27-10.04.51:671][  0]LogUObjectAllocator: 7363704 out of 0 bytes used by permanent object pool.
[2018.02.27-10.04.51:672][  0]LogUObjectArray: CloseDisregardForGC: 0/0 objects in disregard for GC pool
[2018.02.27-10.04.51:719][  0]LogInit: WinSock: version 1.1 (2.2), MaxSocks=32767, MaxUdp=65467
[2018.02.27-10.04.54:747][  0]LogTcpMessaging: Initializing TcpMessaging bridge
[2018.02.27-10.04.54:802][  0]LogUdpMessaging: Initializing bridge on interface 0.0.0.0:0 to multicast group 230.0.0.1:6666.
[2018.02.27-10.04.55:574][  0]LogMaterial: Uniform references updated for custom material expression Custom.
[2018.02.27-10.04.56:022][  0]SourceControl: Source control is disabled
[2018.02.27-10.04.56:022][  0]SourceControl: Source control is disabled
[2018.02.27-10.04.56:074][  0]SourceControl: Source control is disabled
[2018.02.27-10.04.56:139][  0]SourceControl: Source control is disabled
[2018.02.27-10.04.56:981][  0]LogAndroidPermission: UAndroidPermissionCallbackProxy::GetInstance
[2018.02.27-10.04.57:294][  0]LogOcInput: OculusInput pre-init called
[2018.02.27-10.04.57:636][  0]LogEngine: Initializing Engine...
[2018.02.27-10.04.57:642][  0]LogHMD: Failed to initialize OpenVR with code 110
[2018.02.27-10.04.57:898][  0]LogStats: UGameplayTagsManager::ConstructGameplayTagTree: Construct from data asset -  0.000 s
[2018.02.27-10.04.57:898][  0]LogStats: UGameplayTagsManager::ConstructGameplayTagTree: GameplayTagTreeChangedEvent.Broadcast -  0.000 s
[2018.02.27-10.04.58:046][  0]LogAIModule: Creating AISystem for world Untitled
[2018.02.27-10.04.58:056][  0]LogInit: XAudio2 using 'Speakers (Realtek High Definition Audio)' : 2 channels at 48 kHz using 16 bits per sample (channel mask 0x3)
[2018.02.27-10.04.58:089][  0]LogInit: FAudioDevice initialized.
[2018.02.27-10.04.58:204][  0]LogDerivedDataCache: Saved boot cache 0.11s 78MB C:/Users/metin/AppData/Local/UnrealEngine/4.18/DerivedDataCache/Boot.ddc.
[2018.02.27-10.04.58:217][  0]LogInit: Texture streaming: Enabled
[2018.02.27-10.04.58:357][  0]LogEngineSessionManager: EngineSessionManager initialized
[2018.02.27-10.04.58:478][  0]LogInit: Transaction tracking system initialized
[2018.02.27-10.04.58:804][  0]BlueprintLog: New page: Editor Load
[2018.02.27-10.04.59:801][  0]LocalizationService: Localization service is disabled
[2018.02.27-10.05.00:606][  0]LogConsoleResponse: Display: 
[2018.02.27-10.05.00:787][  0]LogCook: Display: Max memory allowance for cook 16384mb min free memory 0mb
[2018.02.27-10.05.00:787][  0]LogCook: Display: Mobile HDR setting 1
[2018.02.27-10.05.00:787][  0]LogGameplayTags: Display: UGameplayTagsManager::DoneAddingNativeTags. DelegateIsBound: 0
[2018.02.27-10.05.02:049][  0]LogFileCache: Scanning file cache for directory 'D:/Users/metin/Documents/Unreal Projects/The_Lifeboat/Content/' took 0.02s
[2018.02.27-10.05.02:130][  0]SourceControl: Source control is disabled
[2018.02.27-10.05.02:130][  0]Cmd: MAP LOAD FILE="../../../../../../Users/metin/Documents/Unreal Projects/The_Lifeboat/Content/GAME/Maps/MainMenuMap.umap" TEMPLATE=0 SHOWPROGRESS=1 FEATURELEVEL=3
[2018.02.27-10.05.02:131][  0]LightingResults: New page: Lighting Build
[2018.02.27-10.05.02:183][  0]MapCheck: New page: Map Check
[2018.02.27-10.05.02:183][  0]LightingResults: New page: Lighting Build
[2018.02.27-10.05.02:873][  0]LogAIModule: Creating AISystem for world MainMenuMap
[2018.02.27-10.05.02:883][  0]LogEditorServer: Finished looking for orphan Actors (0.000 secs)
[2018.02.27-10.05.02:925][  0]Cmd: MAP CHECKDEP NOCLEARLOG
[2018.02.27-10.05.02:979][  0]MapCheck: Map check complete: 0 Error(s), 0 Warning(s), took 54.094ms to complete.
[2018.02.27-10.05.02:979][  0]LogFileHelpers: Loading map 'MainMenuMap' took 0.849
[2018.02.27-10.05.03:166][  0]LogCollectionManager: Loaded 0 collections in 0.001257 seconds
[2018.02.27-10.05.03:256][  0]LogFileCache: Scanning file cache for directory 'D:/Users/metin/Documents/Unreal Projects/The_Lifeboat/Saved/Collections/' took 0.01s
[2018.02.27-10.05.03:256][  0]LogFileCache: Scanning file cache for directory 'D:/Users/metin/Documents/Unreal Projects/The_Lifeboat/Content/Developers/Phong/Collections/' took 0.01s
[2018.02.27-10.05.03:256][  0]LogFileCache: Scanning file cache for directory 'D:/Users/metin/Documents/Unreal Projects/The_Lifeboat/Content/Collections/' took 0.01s
[2018.02.27-10.05.03:256][  0]LogCollectionManager: Rebuilt the GUID cache for 0 collections in 0.000000 seconds
[2018.02.27-10.05.03:281][  0]LogContentBrowser: Native class hierarchy populated in 0.0245 seconds. Added 2363 classes and 519 folders.
[2018.02.27-10.05.03:354][  0]LogContentBrowser: Native class hierarchy updated for 'WidgetCarousel' in 0.0003 seconds. Added 0 classes and 0 folders.
[2018.02.27-10.05.03:406][  0]LogContentBrowser: Native class hierarchy updated for 'AddContentDialog' in 0.0003 seconds. Added 0 classes and 0 folders.
[2018.02.27-10.05.03:447][  0]LogContentBrowser: Native class hierarchy updated for 'SceneOutliner' in 0.0003 seconds. Added 1 classes and 2 folders.
[2018.02.27-10.05.03:602][  0]LogContentBrowser: Native class hierarchy updated for 'HierarchicalLODOutliner' in 0.0006 seconds. Added 1 classes and 2 folders.
[2018.02.27-10.05.03:602][  0]LogLoad: (Engine Initialization) Total time: 21.24 seconds
[2018.02.27-10.05.03:602][  0]LogLoad: (Engine Initialization) Total Blueprint compile time: 0.00 seconds
[2018.02.27-10.05.03:602][  0]LogExternalProfiler: No external profilers were discovered.  External profiling features will not be available.
[2018.02.27-10.05.03:965][  0]LogContentStreaming: Texture pool size now 1000 MB
[2018.02.27-10.05.03:968][  0]LogSlate: Took 0.000476 seconds to synchronously load lazily loaded font '../../../Engine/Content/Slate/Fonts/Roboto-Regular.ttf' (155K)
[2018.02.27-10.05.03:973][  0]LogSlate: Took 0.000334 seconds to synchronously load lazily loaded font '../../../Engine/Content/Slate/Fonts/Roboto-Bold.ttf' (160K)
[2018.02.27-10.05.03:984][  0]LogSlate: Took 0.000390 seconds to synchronously load lazily loaded font '../../../Engine/Content/Editor/Slate/Fonts/FontAwesome.ttf' (139K)
[2018.02.27-10.05.04:136][  0]LogSlate: Took 0.000186 seconds to synchronously load lazily loaded font '../../../Engine/Content/Slate/Fonts/Roboto-Light.ttf' (159K)
[2018.02.27-10.05.04:318][  2]LogRenderer: Reallocating scene render targets to support 648x360 Format 10 NumSamples 1 (Frame:1).
[2018.02.27-10.05.04:620][  2]LogAssetRegistry: Asset discovery search completed in 13.6644 seconds
[2018.02.27-10.05.04:624][  2]LogCollectionManager: Rebuilt the object cache for 0 collections in 0.000001 seconds (found 0 objects)
[2018.02.27-10.05.04:624][  2]LogCollectionManager: Fixed up redirectors for 0 collections in 0.000115 seconds (updated 0 objects)
[2018.02.27-10.05.04:961][  3]LogSlate: Took 0.000514 seconds to synchronously load lazily loaded font '../../../Engine/Content/Slate/Fonts/Roboto-Light.ttf' (159K)
[2018.02.27-10.06.13:620][308]LogRenderer: Reallocating scene render targets to support 648x564 Format 10 NumSamples 1 (Frame:105).
[2018.02.27-10.06.36:375][639]LogSlate: Took 0.000216 seconds to synchronously load lazily loaded font '../../../Engine/Content/Slate/Fonts/Roboto-Light.ttf' (159K)
[2018.02.27-10.06.36:780][639]LogContentBrowser: Native class hierarchy updated for 'BlueprintGraph' in 0.0008 seconds. Added 116 classes and 0 folders.
[2018.02.27-10.06.37:697][639]LogSlate: Took 0.000378 seconds to synchronously load lazily loaded font '../../../Engine/Content/Editor/Slate/Fonts/Roboto-BoldCondensed.ttf' (158K)
[2018.02.27-10.06.51:015][ 23]LogSlate: Took 0.000274 seconds to synchronously load lazily loaded font '../../../Engine/Content/Editor/Slate/Fonts/Roboto-Italic.ttf' (157K)
[2018.02.27-10.07.12:107][254]LogAIModule: Creating AISystem for world Testmap
[2018.02.27-10.07.12:168][254]Cmd: MAP LOAD FILE="../../../../../../Users/metin/Documents/Unreal Projects/The_Lifeboat/Content/GAME/Maps/Testmap.umap" TEMPLATE=0 SHOWPROGRESS=1 FEATURELEVEL=3
[2018.02.27-10.07.12:168][254]LightingResults: New page: Lighting Build
[2018.02.27-10.07.12:168][254]LoadErrors: New page: Loading map: Testmap.umap
[2018.02.27-10.07.12:169][254]MapCheck: New page: Map Check
[2018.02.27-10.07.12:169][254]LightingResults: New page: Lighting Build
[2018.02.27-10.07.12:290][254]LogEditorServer: Finished looking for orphan Actors (0.000 secs)
[2018.02.27-10.07.12:372][254]Cmd: MAP CHECKDEP NOCLEARLOG
[2018.02.27-10.07.12:429][254]MapCheck: Map check complete: 0 Error(s), 0 Warning(s), took 56.728ms to complete.
[2018.02.27-10.07.12:430][254]LogFileHelpers: Loading map 'Testmap' took 0.262
[2018.02.27-10.07.17:307][813]LogAIModule: Creating AISystem for world TestUImap
[2018.02.27-10.07.17:358][813]Cmd: MAP LOAD FILE="../../../../../../Users/metin/Documents/Unreal Projects/The_Lifeboat/Content/GAME/Maps/TestUImap.umap" TEMPLATE=0 SHOWPROGRESS=1 FEATURELEVEL=3
[2018.02.27-10.07.17:358][813]LightingResults: New page: Lighting Build
[2018.02.27-10.07.17:359][813]LoadErrors: New page: Loading map: TestUImap.umap
[2018.02.27-10.07.17:359][813]MapCheck: New page: Map Check
[2018.02.27-10.07.17:359][813]LightingResults: New page: Lighting Build
[2018.02.27-10.07.17:515][813]LogEditorServer: Finished looking for orphan Actors (0.000 secs)
[2018.02.27-10.07.17:591][813]Cmd: MAP CHECKDEP NOCLEARLOG
[2018.02.27-10.07.17:660][813]MapCheck: Map check complete: 0 Error(s), 0 Warning(s), took 69.382ms to complete.
[2018.02.27-10.07.17:660][813]LogFileHelpers: Loading map 'TestUImap' took 0.303
[2018.02.27-10.09.19:247][258]BlueprintLog: New page: Compile GameInfoInstance
[2018.02.27-10.09.19:990][305]LogSavePackage: Save=135.45ms
[2018.02.27-10.09.19:990][305]LogSavePackage: Moving '../../../../../../Users/metin/Documents/Unreal Projects/The_Lifeboat/Saved/GameInfoInstanceD8C752E0434D94FA90E49E90718FE7A2.tmp' to '../../../../../../Users/metin/Documents/Unreal Projects/The_Lifeboat/Content/GAME/Blueprints/AllLevels/GameInfoInstance.uasset'
[2018.02.27-10.09.19:993][305]LogSavePackage: Display: Finished SavePackage ../../../../../../Users/metin/Documents/Unreal Projects/The_Lifeboat/Content/GAME/Blueprints/AllLevels/GameInfoInstance.uasset
[2018.02.27-10.09.54:816][235]BlueprintLog: New page: Compile Mario
[2018.02.27-10.09.57:476][471]LogEditorViewport: Clicking on Actor (LMB): StaticMeshActor (Floor)
[2018.02.27-10.10.08:331][630]LogRenderer: Reallocating scene render targets to support 1312x576 Format 10 NumSamples 1 (Frame:6506).
[2018.02.27-10.10.18:535][700]Cmd: CAMERA ALIGN ACTIVEVIEWPORTONLY
[2018.02.27-10.10.20:874][950]LogTemp: Repeating last play command: Selected Viewport
[2018.02.27-10.10.20:922][950]LogBlueprintUserMessages: Early PlayInEditor Detection: Level '/Game/GAME/Maps/TestUImap.TestUImap:PersistentLevel' has LevelScriptBlueprint '/Game/GAME/Maps/TestUImap.TestUImap:PersistentLevel.TestUImap' with GeneratedClass '/Game/GAME/Maps/TestUImap.TestUImap_C' with ClassGeneratedBy '/Game/GAME/Maps/TestUImap.TestUImap:PersistentLevel.TestUImap'
[2018.02.27-10.10.20:923][950]LogPlayLevel: PlayLevel: No blueprints needed recompiling
[2018.02.27-10.10.20:923][950]PIE: New page: PIE session: TestUImap (Feb 27, 2018, 12:10:20 PM)
[2018.02.27-10.10.20:955][950]LogPlayLevel: Creating play world package: /Game/GAME/Maps/UEDPIE_0_TestUImap
[2018.02.27-10.10.20:961][950]LogPlayLevel: PIE: StaticDuplicateObject took: (0.006218s)
[2018.02.27-10.10.20:962][950]LogAIModule: Creating AISystem for world TestUImap
[2018.02.27-10.10.20:962][950]LogPlayLevel: PIE: World Init took: (0.000731s)
[2018.02.27-10.10.20:962][950]LogPlayLevel: PIE: Created PIE world by copying editor world from /Game/GAME/Maps/TestUImap.TestUImap to /Game/GAME/Maps/UEDPIE_0_TestUImap.TestUImap (0.007258s)
[2018.02.27-10.10.21:020][950]LogInit: XAudio2 using 'Speakers (Realtek High Definition Audio)' : 2 channels at 48 kHz using 16 bits per sample (channel mask 0x3)
[2018.02.27-10.10.21:028][950]LogInit: FAudioDevice initialized.
[2018.02.27-10.10.21:075][950]LogLoad: Game class is 'LobbyGM_C'
[2018.02.27-10.10.21:079][950]LogWorld: Bringing World /Game/GAME/Maps/UEDPIE_0_TestUImap.TestUImap up for play (max tick rate 0) at 2018.02.27-11.10.21
[2018.02.27-10.10.21:080][950]LogWorld: Bringing up level for play took: 0.003439
[2018.02.27-10.10.21:137][950]LogContentBrowser: Native class hierarchy updated for 'MovieSceneCapture' in 0.0004 seconds. Added 11 classes and 0 folders.
[2018.02.27-10.10.21:139][950]PIE: Play in editor start time for /Game/GAME/Maps/UEDPIE_0_TestUImap 0.596
[2018.02.27-10.10.21:140][950]LogBlueprintUserMessages: Late PlayInEditor Detection: Level '/Game/GAME/Maps/TestUImap.TestUImap:PersistentLevel' has LevelScriptBlueprint '/Game/GAME/Maps/TestUImap.TestUImap:PersistentLevel.TestUImap' with GeneratedClass '/Game/GAME/Maps/TestUImap.TestUImap_C' with ClassGeneratedBy '/Game/GAME/Maps/TestUImap.TestUImap:PersistentLevel.TestUImap'
[2018.02.27-10.10.22:737][129]LogBlueprintUserMessages: Early EndPlayMap Detection: Level '/Game/GAME/Maps/TestUImap.TestUImap:PersistentLevel' has LevelScriptBlueprint '/Game/GAME/Maps/TestUImap.TestUImap:PersistentLevel.TestUImap' with GeneratedClass '/Game/GAME/Maps/TestUImap.TestUImap_C' with ClassGeneratedBy '/Game/GAME/Maps/TestUImap.TestUImap:PersistentLevel.TestUImap'
[2018.02.27-10.10.22:775][129]LogBlueprintUserMessages: Late EndPlayMap Detection: Level '/Game/GAME/Maps/TestUImap.TestUImap:PersistentLevel' has LevelScriptBlueprint '/Game/GAME/Maps/TestUImap.TestUImap:PersistentLevel.TestUImap' with GeneratedClass '/Game/GAME/Maps/TestUImap.TestUImap_C' with ClassGeneratedBy '/Game/GAME/Maps/TestUImap.TestUImap:PersistentLevel.TestUImap'
[2018.02.27-10.13.02:133][768]LogEditorTransaction: Undo Move Node
[2018.02.27-10.13.08:388][455]BlueprintLog: New page: Compile Mario
[2018.02.27-10.13.09:505][503]Cmd: OBJ SAVEPACKAGE PACKAGE="/Game/GAME/Blueprints/Gameplay/Mario" FILE="../../../../../../Users/metin/Documents/Unreal Projects/The_Lifeboat/Content/GAME/Blueprints/Gameplay/Mario.uasset" SILENT=true
[2018.02.27-10.13.09:560][503]LogSavePackage: Save=47.30ms
[2018.02.27-10.13.09:560][503]LogSavePackage: Moving '../../../../../../Users/metin/Documents/Unreal Projects/The_Lifeboat/Saved/MarioCE82E40749AC6550AF0E9F8D8508D447.tmp' to '../../../../../../Users/metin/Documents/Unreal Projects/The_Lifeboat/Content/GAME/Blueprints/Gameplay/Mario.uasset'
[2018.02.27-10.13.09:565][503]LogSavePackage: Display: Finished SavePackage ../../../../../../Users/metin/Documents/Unreal Projects/The_Lifeboat/Content/GAME/Blueprints/Gameplay/Mario.uasset
[2018.02.27-10.13.13:463][964]BlueprintLog: New page: Compile TestUImap
[2018.02.27-10.13.15:817][174]LogSavePackage: Save=215.04ms
[2018.02.27-10.13.15:817][174]LogSavePackage: Moving '../../../../../../Users/metin/Documents/Unreal Projects/The_Lifeboat/Saved/TestUImapDC5FF5B04DF08D18ED168AA3DA92DA2A.tmp' to '../../../../../../Users/metin/Documents/Unreal Projects/The_Lifeboat/Content/GAME/Maps/TestUImap.umap'
[2018.02.27-10.13.15:819][174]LogSavePackage: Display: Finished SavePackage ../../../../../../Users/metin/Documents/Unreal Projects/The_Lifeboat/Content/GAME/Maps/TestUImap.umap
[2018.02.27-10.13.15:851][174]LogFileHelpers: Saving map 'TestUImap' took 0.392
[2018.02.27-10.15.05:635][783]BlueprintLog: New page: Compile WorldMapMovement
[2018.02.27-10.15.06:136][825]LogSavePackage: Save=32.01ms
[2018.02.27-10.15.06:136][825]LogSavePackage: Moving '../../../../../../Users/metin/Documents/Unreal Projects/The_Lifeboat/Saved/WorldMapMovement733901B743D7829E76D326BC6A9F7B89.tmp' to '../../../../../../Users/metin/Documents/Unreal Projects/The_Lifeboat/Content/GAME/Blueprints/Gameplay/WorldMapMovement.uasset'
[2018.02.27-10.15.06:138][825]LogSavePackage: Display: Finished SavePackage ../../../../../../Users/metin/Documents/Unreal Projects/The_Lifeboat/Content/GAME/Blueprints/Gameplay/WorldMapMovement.uasset
[2018.02.27-10.15.07:336][961]LogTemp: Repeating last play command: Selected Viewport
[2018.02.27-10.15.07:363][961]LogBlueprintUserMessages: Early PlayInEditor Detection: Level '/Game/GAME/Maps/TestUImap.TestUImap:PersistentLevel' has LevelScriptBlueprint '/Game/GAME/Maps/TestUImap.TestUImap:PersistentLevel.TestUImap' with GeneratedClass '/Game/GAME/Maps/TestUImap.TestUImap_C' with ClassGeneratedBy '/Game/GAME/Maps/TestUImap.TestUImap:PersistentLevel.TestUImap'
[2018.02.27-10.15.07:363][961]LogPlayLevel: PlayLevel: No blueprints needed recompiling
[2018.02.27-10.15.07:363][961]PIE: New page: PIE session: TestUImap (Feb 27, 2018, 12:15:07 PM)
[2018.02.27-10.15.07:381][961]LogPlayLevel: Creating play world package: /Game/GAME/Maps/UEDPIE_0_TestUImap
[2018.02.27-10.15.07:388][961]LogPlayLevel: PIE: StaticDuplicateObject took: (0.006531s)
[2018.02.27-10.15.07:388][961]LogAIModule: Creating AISystem for world TestUImap
[2018.02.27-10.15.07:388][961]LogPlayLevel: PIE: World Init took: (0.000705s)
[2018.02.27-10.15.07:388][961]LogPlayLevel: PIE: Created PIE world by copying editor world from /Game/GAME/Maps/TestUImap.TestUImap to /Game/GAME/Maps/UEDPIE_0_TestUImap.TestUImap (0.007535s)
[2018.02.27-10.15.07:447][961]LogInit: XAudio2 using 'Speakers (Realtek High Definition Audio)' : 2 channels at 48 kHz using 16 bits per sample (channel mask 0x3)
[2018.02.27-10.15.07:456][961]LogInit: FAudioDevice initialized.
[2018.02.27-10.15.07:491][961]LogLoad: Game class is 'LobbyGM_C'
[2018.02.27-10.15.07:493][961]LogWorld: Bringing World /Game/GAME/Maps/UEDPIE_0_TestUImap.TestUImap up for play (max tick rate 0) at 2018.02.27-11.15.07
[2018.02.27-10.15.07:494][961]LogWorld: Bringing up level for play took: 0.001508
[2018.02.27-10.15.07:496][961]PIE: Warning: The widget 'WorldMapMovement_C' was already added to the screen.
[2018.02.27-10.15.07:496][961]PIE: Play in editor start time for /Game/GAME/Maps/UEDPIE_0_TestUImap 0.953
[2018.02.27-10.15.07:496][961]LogBlueprintUserMessages: Late PlayInEditor Detection: Level '/Game/GAME/Maps/TestUImap.TestUImap:PersistentLevel' has LevelScriptBlueprint '/Game/GAME/Maps/TestUImap.TestUImap:PersistentLevel.TestUImap' with GeneratedClass '/Game/GAME/Maps/TestUImap.TestUImap_C' with ClassGeneratedBy '/Game/GAME/Maps/TestUImap.TestUImap:PersistentLevel.TestUImap'
[2018.02.27-10.15.13:283][635]LogBlueprintUserMessages: Early EndPlayMap Detection: Level '/Game/GAME/Maps/TestUImap.TestUImap:PersistentLevel' has LevelScriptBlueprint '/Game/GAME/Maps/TestUImap.TestUImap:PersistentLevel.TestUImap' with GeneratedClass '/Game/GAME/Maps/TestUImap.TestUImap_C' with ClassGeneratedBy '/Game/GAME/Maps/TestUImap.TestUImap:PersistentLevel.TestUImap'
[2018.02.27-10.15.13:326][635]LogBlueprintUserMessages: Late EndPlayMap Detection: Level '/Game/GAME/Maps/TestUImap.TestUImap:PersistentLevel' has LevelScriptBlueprint '/Game/GAME/Maps/TestUImap.TestUImap:PersistentLevel.TestUImap' with GeneratedClass '/Game/GAME/Maps/TestUImap.TestUImap_C' with ClassGeneratedBy '/Game/GAME/Maps/TestUImap.TestUImap:PersistentLevel.TestUImap'
[2018.02.27-10.15.24:306][848]LogEditorViewport: Clicking on Actor (LMB): BP_Sky_Sphere_C (Sky Sphere)
[2018.02.27-10.15.42:424][458]LogEditorViewport: Clicking on Actor (LMB): BP_Sky_Sphere_C (Sky Sphere)
[2018.02.27-10.15.42:885][497]LogEditorViewport: Clicking on Actor (LMB): BP_Sky_Sphere_C (Sky Sphere)
[2018.02.27-10.15.43:229][532]LogEditorViewport: Clicking on Actor (LMB): BP_Sky_Sphere_C (Sky Sphere)
[2018.02.27-10.15.43:440][554]LogEditorViewport: Clicking on Component (LMB): StaticMeshComponent (Sky Sphere mesh)
[2018.02.27-10.15.50:477][296]LogEditorActor: Deleted Actor: NavModifierVolume
[2018.02.27-10.15.50:541][296]LogEditorActor: Deleted 1 Actors (0.065 secs)
[2018.02.27-10.15.56:452][915]Cmd: CAMERA ALIGN ACTIVEVIEWPORTONLY
[2018.02.27-10.15.59:798][256]Cmd: CAMERA ALIGN ACTIVEVIEWPORTONLY
[2018.02.27-10.16.01:027][383]Cmd: CAMERA ALIGN
[2018.02.27-10.16.07:115][ 43]LogEditorViewport: Clicking on Actor (LMB): BP_Sky_Sphere_C (Sky Sphere)
[2018.02.27-10.16.09:578][296]LogTemp: Repeating last play command: Selected Viewport
[2018.02.27-10.16.09:602][296]LogBlueprintUserMessages: Early PlayInEditor Detection: Level '/Game/GAME/Maps/TestUImap.TestUImap:PersistentLevel' has LevelScriptBlueprint '/Game/GAME/Maps/TestUImap.TestUImap:PersistentLevel.TestUImap' with GeneratedClass '/Game/GAME/Maps/TestUImap.TestUImap_C' with ClassGeneratedBy '/Game/GAME/Maps/TestUImap.TestUImap:PersistentLevel.TestUImap'
[2018.02.27-10.16.09:602][296]LogPlayLevel: PlayLevel: No blueprints needed recompiling
[2018.02.27-10.16.09:602][296]PIE: New page: PIE session: TestUImap (Feb 27, 2018, 12:16:09 PM)
[2018.02.27-10.16.09:602][296]LogPlayLevel: Creating play world package: /Game/GAME/Maps/UEDPIE_0_TestUImap
[2018.02.27-10.16.09:612][296]LogPlayLevel: PIE: StaticDuplicateObject took: (0.009077s)
[2018.02.27-10.16.09:612][296]LogAIModule: Creating AISystem for world TestUImap
[2018.02.27-10.16.09:612][296]LogPlayLevel: PIE: World Init took: (0.000717s)
[2018.02.27-10.16.09:612][296]LogPlayLevel: PIE: Created PIE world by copying editor world from /Game/GAME/Maps/TestUImap.TestUImap to /Game/GAME/Maps/UEDPIE_0_TestUImap.TestUImap (0.010078s)
[2018.02.27-10.16.09:662][296]LogInit: XAudio2 using 'Speakers (Realtek High Definition Audio)' : 2 channels at 48 kHz using 16 bits per sample (channel mask 0x3)
[2018.02.27-10.16.09:670][296]LogInit: FAudioDevice initialized.
[2018.02.27-10.16.09:701][296]LogLoad: Game class is 'LobbyGM_C'
[2018.02.27-10.16.09:703][296]LogWorld: Bringing World /Game/GAME/Maps/UEDPIE_0_TestUImap.TestUImap up for play (max tick rate 0) at 2018.02.27-11.16.09
[2018.02.27-10.16.09:703][296]LogWorld: Bringing up level for play took: 0.001457
[2018.02.27-10.16.09:705][296]PIE: Warning: The widget 'WorldMapMovement_C' was already added to the screen.
[2018.02.27-10.16.09:705][296]PIE: Play in editor start time for /Game/GAME/Maps/UEDPIE_0_TestUImap -0.838
[2018.02.27-10.16.09:705][296]LogBlueprintUserMessages: Late PlayInEditor Detection: Level '/Game/GAME/Maps/TestUImap.TestUImap:PersistentLevel' has LevelScriptBlueprint '/Game/GAME/Maps/TestUImap.TestUImap:PersistentLevel.TestUImap' with GeneratedClass '/Game/GAME/Maps/TestUImap.TestUImap_C' with ClassGeneratedBy '/Game/GAME/Maps/TestUImap.TestUImap:PersistentLevel.TestUImap'
[2018.02.27-10.16.25:707][149]LogBlueprintUserMessages: Early EndPlayMap Detection: Level '/Game/GAME/Maps/TestUImap.TestUImap:PersistentLevel' has LevelScriptBlueprint '/Game/GAME/Maps/TestUImap.TestUImap:PersistentLevel.TestUImap' with GeneratedClass '/Game/GAME/Maps/TestUImap.TestUImap_C' with ClassGeneratedBy '/Game/GAME/Maps/TestUImap.TestUImap:PersistentLevel.TestUImap'
[2018.02.27-10.16.25:747][149]LogBlueprintUserMessages: Late EndPlayMap Detection: Level '/Game/GAME/Maps/TestUImap.TestUImap:PersistentLevel' has LevelScriptBlueprint '/Game/GAME/Maps/TestUImap.TestUImap:PersistentLevel.TestUImap' with GeneratedClass '/Game/GAME/Maps/TestUImap.TestUImap_C' with ClassGeneratedBy '/Game/GAME/Maps/TestUImap.TestUImap:PersistentLevel.TestUImap'
[2018.02.27-10.16.50:783][ 17]LogTemp: Repeating last play command: Selected Viewport
[2018.02.27-10.16.50:806][ 17]LogBlueprintUserMessages: Early PlayInEditor Detection: Level '/Game/GAME/Maps/TestUImap.TestUImap:PersistentLevel' has LevelScriptBlueprint '/Game/GAME/Maps/TestUImap.TestUImap:PersistentLevel.TestUImap' with GeneratedClass '/Game/GAME/Maps/TestUImap.TestUImap_C' with ClassGeneratedBy '/Game/GAME/Maps/TestUImap.TestUImap:PersistentLevel.TestUImap'
[2018.02.27-10.16.50:807][ 17]LogPlayLevel: PlayLevel: No blueprints needed recompiling
[2018.02.27-10.16.50:807][ 17]PIE: New page: PIE session: TestUImap (Feb 27, 2018, 12:16:50 PM)
[2018.02.27-10.16.50:807][ 17]LogPlayLevel: Creating play world package: /Game/GAME/Maps/UEDPIE_0_TestUImap
[2018.02.27-10.16.50:813][ 17]LogPlayLevel: PIE: StaticDuplicateObject took: (0.005934s)
[2018.02.27-10.16.50:814][ 17]LogAIModule: Creating AISystem for world TestUImap
[2018.02.27-10.16.50:814][ 17]LogPlayLevel: PIE: World Init took: (0.000775s)
[2018.02.27-10.16.50:814][ 17]LogPlayLevel: PIE: Created PIE world by copying editor world from /Game/GAME/Maps/TestUImap.TestUImap to /Game/GAME/Maps/UEDPIE_0_TestUImap.TestUImap (0.007011s)
[2018.02.27-10.16.50:874][ 17]LogInit: XAudio2 using 'Speakers (Realtek High Definition Audio)' : 2 channels at 48 kHz using 16 bits per sample (channel mask 0x3)
[2018.02.27-10.16.50:882][ 17]LogInit: FAudioDevice initialized.
[2018.02.27-10.16.50:915][ 17]LogLoad: Game class is 'LobbyGM_C'
[2018.02.27-10.16.50:918][ 17]LogWorld: Bringing World /Game/GAME/Maps/UEDPIE_0_TestUImap.TestUImap up for play (max tick rate 0) at 2018.02.27-11.16.50
[2018.02.27-10.16.50:918][ 17]LogWorld: Bringing up level for play took: 0.002774
[2018.02.27-10.16.50:922][ 17]PIE: Warning: The widget 'WorldMapMovement_C' was already added to the screen.
[2018.02.27-10.16.50:922][ 17]PIE: Play in editor start time for /Game/GAME/Maps/UEDPIE_0_TestUImap 0.379
[2018.02.27-10.16.50:922][ 17]LogBlueprintUserMessages: Late PlayInEditor Detection: Level '/Game/GAME/Maps/TestUImap.TestUImap:PersistentLevel' has LevelScriptBlueprint '/Game/GAME/Maps/TestUImap.TestUImap:PersistentLevel.TestUImap' with GeneratedClass '/Game/GAME/Maps/TestUImap.TestUImap_C' with ClassGeneratedBy '/Game/GAME/Maps/TestUImap.TestUImap:PersistentLevel.TestUImap'
[2018.02.27-10.16.52:829][231]LogBlueprintUserMessages: Early EndPlayMap Detection: Level '/Game/GAME/Maps/TestUImap.TestUImap:PersistentLevel' has LevelScriptBlueprint '/Game/GAME/Maps/TestUImap.TestUImap:PersistentLevel.TestUImap' with GeneratedClass '/Game/GAME/Maps/TestUImap.TestUImap_C' with ClassGeneratedBy '/Game/GAME/Maps/TestUImap.TestUImap:PersistentLevel.TestUImap'
[2018.02.27-10.16.52:874][231]LogBlueprintUserMessages: Late EndPlayMap Detection: Level '/Game/GAME/Maps/TestUImap.TestUImap:PersistentLevel' has LevelScriptBlueprint '/Game/GAME/Maps/TestUImap.TestUImap:PersistentLevel.TestUImap' with GeneratedClass '/Game/GAME/Maps/TestUImap.TestUImap_C' with ClassGeneratedBy '/Game/GAME/Maps/TestUImap.TestUImap:PersistentLevel.TestUImap'
[2018.02.27-10.17.32:781][780]LogTemp: Repeating last play command: Selected Viewport
[2018.02.27-10.17.32:805][780]LogBlueprintUserMessages: Early PlayInEditor Detection: Level '/Game/GAME/Maps/TestUImap.TestUImap:PersistentLevel' has LevelScriptBlueprint '/Game/GAME/Maps/TestUImap.TestUImap:PersistentLevel.TestUImap' with GeneratedClass '/Game/GAME/Maps/TestUImap.TestUImap_C' with ClassGeneratedBy '/Game/GAME/Maps/TestUImap.TestUImap:PersistentLevel.TestUImap'
[2018.02.27-10.17.32:805][780]LogPlayLevel: PlayLevel: No blueprints needed recompiling
[2018.02.27-10.17.32:805][780]PIE: New page: PIE session: TestUImap (Feb 27, 2018, 12:17:32 PM)
[2018.02.27-10.17.32:805][780]LogPlayLevel: Creating play world package: /Game/GAME/Maps/UEDPIE_0_TestUImap
[2018.02.27-10.17.32:811][780]LogPlayLevel: PIE: StaticDuplicateObject took: (0.005998s)
[2018.02.27-10.17.32:812][780]LogAIModule: Creating AISystem for world TestUImap
[2018.02.27-10.17.32:812][780]LogPlayLevel: PIE: World Init took: (0.000766s)
[2018.02.27-10.17.32:812][780]LogPlayLevel: PIE: Created PIE world by copying editor world from /Game/GAME/Maps/TestUImap.TestUImap to /Game/GAME/Maps/UEDPIE_0_TestUImap.TestUImap (0.007074s)
[2018.02.27-10.17.32:869][780]LogInit: XAudio2 using 'Speakers (Realtek High Definition Audio)' : 2 channels at 48 kHz using 16 bits per sample (channel mask 0x3)
[2018.02.27-10.17.32:877][780]LogInit: FAudioDevice initialized.
[2018.02.27-10.17.32:910][780]LogLoad: Game class is 'LobbyGM_C'
[2018.02.27-10.17.32:913][780]LogWorld: Bringing World /Game/GAME/Maps/UEDPIE_0_TestUImap.TestUImap up for play (max tick rate 0) at 2018.02.27-11.17.32
[2018.02.27-10.17.32:914][780]LogWorld: Bringing up level for play took: 0.002799
[2018.02.27-10.17.32:917][780]PIE: Warning: The widget 'WorldMapMovement_C' was already added to the screen.
[2018.02.27-10.17.32:918][780]PIE: Play in editor start time for /Game/GAME/Maps/UEDPIE_0_TestUImap 0.375
[2018.02.27-10.17.32:918][780]LogBlueprintUserMessages: Late PlayInEditor Detection: Level '/Game/GAME/Maps/TestUImap.TestUImap:PersistentLevel' has LevelScriptBlueprint '/Game/GAME/Maps/TestUImap.TestUImap:PersistentLevel.TestUImap' with GeneratedClass '/Game/GAME/Maps/TestUImap.TestUImap_C' with ClassGeneratedBy '/Game/GAME/Maps/TestUImap.TestUImap:PersistentLevel.TestUImap'
[2018.02.27-10.17.34:303][932]LogBlueprintUserMessages: Early EndPlayMap Detection: Level '/Game/GAME/Maps/TestUImap.TestUImap:PersistentLevel' has LevelScriptBlueprint '/Game/GAME/Maps/TestUImap.TestUImap:PersistentLevel.TestUImap' with GeneratedClass '/Game/GAME/Maps/TestUImap.TestUImap_C' with ClassGeneratedBy '/Game/GAME/Maps/TestUImap.TestUImap:PersistentLevel.TestUImap'
[2018.02.27-10.17.34:344][932]LogBlueprintUserMessages: Late EndPlayMap Detection: Level '/Game/GAME/Maps/TestUImap.TestUImap:PersistentLevel' has LevelScriptBlueprint '/Game/GAME/Maps/TestUImap.TestUImap:PersistentLevel.TestUImap' with GeneratedClass '/Game/GAME/Maps/TestUImap.TestUImap_C' with ClassGeneratedBy '/Game/GAME/Maps/TestUImap.TestUImap:PersistentLevel.TestUImap'
[2018.02.27-10.17.57:112][534]LogSavePackage: Save=227.46ms
[2018.02.27-10.17.57:112][534]LogSavePackage: Moving '../../../../../../Users/metin/Documents/Unreal Projects/The_Lifeboat/Saved/TestUImap690DE1044618B9F47821D782482FF240.tmp' to '../../../../../../Users/metin/Documents/Unreal Projects/The_Lifeboat/Content/GAME/Maps/TestUImap.umap'
[2018.02.27-10.17.57:117][534]LogSavePackage: Display: Finished SavePackage ../../../../../../Users/metin/Documents/Unreal Projects/The_Lifeboat/Content/GAME/Maps/TestUImap.umap
[2018.02.27-10.17.57:153][534]Cmd: OBJ SAVEPACKAGE PACKAGE="/Game/GAME/Maps/TestUImap_BuiltData" FILE="../../../../../../Users/metin/Documents/Unreal Projects/The_Lifeboat/Content/GAME/Maps/TestUImap_BuiltData.uasset" SILENT=true
[2018.02.27-10.17.57:190][534]LogSavePackage: Save=25.55ms
[2018.02.27-10.17.57:190][534]LogSavePackage: Moving '../../../../../../Users/metin/Documents/Unreal Projects/The_Lifeboat/Saved/TestUImap_BuiltData46B197404171D09711E8B38576F29684.tmp' to '../../../../../../Users/metin/Documents/Unreal Projects/The_Lifeboat/Content/GAME/Maps/TestUImap_BuiltData.uasset'
[2018.02.27-10.17.57:192][534]LogSavePackage: Display: Finished SavePackage ../../../../../../Users/metin/Documents/Unreal Projects/The_Lifeboat/Content/GAME/Maps/TestUImap_BuiltData.uasset
[2018.02.27-10.18.13:026][451]Cmd: QUIT_EDITOR
[2018.02.27-10.18.13:278][451]LogWindowsTextInputMethodSystem: Display: IME system now deactivated.
[2018.02.27-10.18.13:300][451]LogExit: Preparing to exit.
[2018.02.27-10.18.14:081][451]LogDirectoryWatcher: A directory notification for 'D:/Users/metin/Documents/Unreal Projects/The_Lifeboat/Content/' was aborted.
[2018.02.27-10.18.14:136][451]LogExit: Editor shut down
[2018.02.27-10.18.14:141][451]LogExit: Transaction tracking system shut down
[2018.02.27-10.18.14:299][451]LogDirectoryWatcher: A directory notification for '../../../Engine/Content/' was aborted.
[2018.02.27-10.18.14:299][451]LogDirectoryWatcher: A directory notification for '../../../../../../Users/metin/Documents/Unreal Projects/The_Lifeboat/Content/' was aborted.
[2018.02.27-10.18.14:299][451]LogDirectoryWatcher: A directory notification for '../../../Engine/Plugins/2D/Paper2D/Content/' was aborted.
[2018.02.27-10.18.14:299][451]LogDirectoryWatcher: A directory notification for '../../../Engine/Plugins/Media/MediaCompositing/Content/' was aborted.
[2018.02.27-10.18.14:299][451]LogDirectoryWatcher: A directory notification for '../../../Engine/Plugins/Runtime/AppleARKit/Content/' was aborted.
[2018.02.27-10.18.14:299][451]LogDirectoryWatcher: A directory notification for '../../../Engine/Plugins/Runtime/Oculus/OculusVR/Content/' was aborted.
[2018.02.27-10.18.14:299][451]LogDirectoryWatcher: A directory notification for '../../../Engine/Plugins/Runtime/Steam/SteamVR/Content/' was aborted.
[2018.02.27-10.18.14:417][451]LogExit: Object subsystem successfully closed.
[2018.02.27-10.18.14:447][451]LogD3D11RHI: Shutdown
[2018.02.27-10.18.14:448][451]LogD3D11RHI: CleanupD3DDevice
[2018.02.27-10.18.14:451][451]LogD3D11RHI: ~FD3D11DynamicRHI
[2018.02.27-10.18.14:470][451]LogModuleManager: Shutting down and abandoning module MovieSceneCapture (554)
[2018.02.27-10.18.14:470][451]LogModuleManager: Shutting down and abandoning module SequencerWidgets (552)
[2018.02.27-10.18.14:470][451]LogModuleManager: Shutting down and abandoning module BlueprintGraph (550)
[2018.02.27-10.18.14:470][451]LogModuleManager: Shutting down and abandoning module HierarchicalLODOutliner (548)
[2018.02.27-10.18.14:470][451]LogModuleManager: Shutting down and abandoning module SceneOutliner (546)
[2018.02.27-10.18.14:470][451]LogModuleManager: Shutting down and abandoning module AddContentDialog (544)
[2018.02.27-10.18.14:470][451]LogDirectoryWatcher: A directory notification for 'D:/Program Files/Epic Games/UE_4.18/FeaturePacks/' was aborted.
[2018.02.27-10.18.14:471][451]LogModuleManager: Shutting down and abandoning module WidgetCarousel (543)
[2018.02.27-10.18.14:471][451]LogModuleManager: Shutting down and abandoning module EditorWidgets (540)
[2018.02.27-10.18.14:471][451]LogModuleManager: Shutting down and abandoning module CollectionManager (538)
[2018.02.27-10.18.14:472][451]LogDirectoryWatcher: A directory notification for 'D:/Users/metin/Documents/Unreal Projects/The_Lifeboat/Content/Collections/' was aborted.
[2018.02.27-10.18.14:472][451]LogDirectoryWatcher: A directory notification for 'D:/Users/metin/Documents/Unreal Projects/The_Lifeboat/Content/Developers/Phong/Collections/' was aborted.
[2018.02.27-10.18.14:472][451]LogDirectoryWatcher: A directory notification for 'D:/Users/metin/Documents/Unreal Projects/The_Lifeboat/Saved/Collections/' was aborted.
[2018.02.27-10.18.14:472][451]LogModuleManager: Shutting down and abandoning module StatsViewer (536)
[2018.02.27-10.18.14:472][451]LogModuleManager: Shutting down and abandoning module FoliageEdit (534)
[2018.02.27-10.18.14:472][451]LogModuleManager: Shutting down and abandoning module LandscapeEditor (532)
[2018.02.27-10.18.14:472][451]LogModuleManager: Shutting down and abandoning module MeshPaintMode (530)
[2018.02.27-10.18.14:473][451]LogModuleManager: Shutting down and abandoning module SceneDepthPickerMode (528)
[2018.02.27-10.18.14:473][451]LogModuleManager: Shutting down and abandoning module ActorPickerMode (526)
[2018.02.27-10.18.14:473][451]LogModuleManager: Shutting down and abandoning module GeometryMode (524)
[2018.02.27-10.18.14:473][451]LogModuleManager: Shutting down and abandoning module TextureAlignMode (522)
[2018.02.27-10.18.14:473][451]LogModuleManager: Shutting down and abandoning module BspMode (520)
[2018.02.27-10.18.14:473][451]LogModuleManager: Shutting down and abandoning module PIEPreviewDeviceProfileSelector (518)
[2018.02.27-10.18.14:473][451]LogModuleManager: Shutting down and abandoning module HardwareSurvey (516)
[2018.02.27-10.18.14:473][451]LogModuleManager: Shutting down and abandoning module SequenceRecorderSections (514)
[2018.02.27-10.18.14:473][451]LogModuleManager: Shutting down and abandoning module AutomationWorker (512)
[2018.02.27-10.18.14:473][451]LogModuleManager: Shutting down and abandoning module MatineeToLevelSequence (510)
[2018.02.27-10.18.14:473][451]LogModuleManager: Shutting down and abandoning module LevelSequenceEditor (508)
[2018.02.27-10.18.14:474][451]LogModuleManager: Shutting down and abandoning module PlacementMode (507)
[2018.02.27-10.18.14:474][451]LogModuleManager: Shutting down and abandoning module WmfMediaFactory (504)
[2018.02.27-10.18.14:474][451]LogModuleManager: Shutting down and abandoning module WmfMediaEditor (502)
[2018.02.27-10.18.14:474][451]LogModuleManager: Shutting down and abandoning module OpenExrWrapper (500)
[2018.02.27-10.18.14:474][451]LogModuleManager: Shutting down and abandoning module ImgMediaFactory (498)
[2018.02.27-10.18.14:474][451]LogModuleManager: Shutting down and abandoning module ImgMediaEditor (496)
[2018.02.27-10.18.14:474][451]LogModuleManager: Shutting down and abandoning module AvfMediaFactory (494)
[2018.02.27-10.18.14:474][451]LogModuleManager: Shutting down and abandoning module AvfMediaEditor (492)
[2018.02.27-10.18.14:474][451]LogModuleManager: Shutting down and abandoning module AndroidMediaFactory (490)
[2018.02.27-10.18.14:474][451]LogModuleManager: Shutting down and abandoning module AndroidMediaEditor (488)
[2018.02.27-10.18.14:474][451]LogModuleManager: Shutting down and abandoning module CharacterAI (486)
[2018.02.27-10.18.14:474][451]LogModuleManager: Shutting down and abandoning module AudioCapture (484)
[2018.02.27-10.18.14:474][451]LogModuleManager: Shutting down and abandoning module SequenceRecorder (483)
[2018.02.27-10.18.14:474][451]LogModuleManager: Shutting down and abandoning module SmartSnapping (480)
[2018.02.27-10.18.14:474][451]LogModuleManager: Shutting down and abandoning module SessionServices (478)
[2018.02.27-10.18.14:474][451]LogModuleManager: Shutting down and abandoning module ViewportSnapping (476)
[2018.02.27-10.18.14:475][451]LogModuleManager: Shutting down and abandoning module ViewportInteraction (474)
[2018.02.27-10.18.14:475][451]LogModuleManager: Shutting down and abandoning module ClothPainter (472)
[2018.02.27-10.18.14:475][451]LogModuleManager: Shutting down and abandoning module SkeletalMeshEditor (471)
[2018.02.27-10.18.14:475][451]LogModuleManager: Shutting down and abandoning module LogVisualizer (468)
[2018.02.27-10.18.14:475][451]LogModuleManager: Shutting down and abandoning module IntroTutorials (466)
[2018.02.27-10.18.14:475][451]LogModuleManager: Shutting down and abandoning module GameProjectGeneration (465)
[2018.02.27-10.18.14:475][451]LogModuleManager: Shutting down and abandoning module IOSPlatformEditor (462)
[2018.02.27-10.18.14:475][451]LogModuleManager: Shutting down and abandoning module HTML5PlatformEditor (460)
[2018.02.27-10.18.14:475][451]LogModuleManager: Shutting down and abandoning module AndroidPlatformEditor (458)
[2018.02.27-10.18.14:475][451]LogModuleManager: Shutting down and abandoning module AndroidDeviceDetection (457)
[2018.02.27-10.18.15:448][451]LogModuleManager: Shutting down and abandoning module WindowsPlatformEditor (454)
[2018.02.27-10.18.15:448][451]LogModuleManager: Shutting down and abandoning module IOSRuntimeSettings (452)
[2018.02.27-10.18.15:448][451]LogModuleManager: Shutting down and abandoning module AndroidRuntimeSettings (450)
[2018.02.27-10.18.15:448][451]LogModuleManager: Shutting down and abandoning module InputBindingEditor (448)
[2018.02.27-10.18.15:448][451]LogModuleManager: Shutting down and abandoning module MergeActors (446)
[2018.02.27-10.18.15:448][451]LogModuleManager: Shutting down and abandoning module SizeMap (444)
[2018.02.27-10.18.15:448][451]LogModuleManager: Shutting down and abandoning module TreeMap (442)
[2018.02.27-10.18.15:448][451]LogModuleManager: Shutting down and abandoning module ReferenceViewer (440)
[2018.02.27-10.18.15:448][451]LogModuleManager: Shutting down and abandoning module LocalizationDashboard (438)
[2018.02.27-10.18.15:448][451]LogModuleManager: Shutting down and abandoning module LocalizationService (437)
[2018.02.27-10.18.15:448][451]LogModuleManager: Shutting down and abandoning module HardwareTargeting (434)
[2018.02.27-10.18.15:448][451]LogModuleManager: Shutting down and abandoning module DeviceProfileEditor (432)
[2018.02.27-10.18.15:448][451]LogModuleManager: Shutting down and abandoning module UndoHistory (430)
[2018.02.27-10.18.15:448][451]LogModuleManager: Shutting down and abandoning module XmlParser (428)
[2018.02.27-10.18.15:448][451]LogModuleManager: Shutting down and abandoning module Blutility (426)
[2018.02.27-10.18.15:449][451]LogModuleManager: Shutting down and abandoning module ProjectSettingsViewer (424)
[2018.02.27-10.18.15:449][451]LogModuleManager: Shutting down and abandoning module ProjectTargetPlatformEditor (423)
[2018.02.27-10.18.15:449][451]LogModuleManager: Shutting down and abandoning module EditorSettingsViewer (420)
[2018.02.27-10.18.15:449][451]LogModuleManager: Shutting down and abandoning module SettingsEditor (418)
[2018.02.27-10.18.15:449][451]LogModuleManager: Shutting down and abandoning module ProjectLauncher (416)
[2018.02.27-10.18.15:449][451]LogModuleManager: Shutting down and abandoning module SessionFrontend (414)
[2018.02.27-10.18.15:449][451]LogModuleManager: Shutting down and abandoning module ProfilerClient (412)
[2018.02.27-10.18.15:449][451]LogModuleManager: Shutting down and abandoning module DeviceManager (410)
[2018.02.27-10.18.15:449][451]LogModuleManager: Shutting down and abandoning module TargetDeviceServices (409)
[2018.02.27-10.18.15:501][451]LogModuleManager: Shutting down and abandoning module AutomationController (406)
[2018.02.27-10.18.15:501][451]LogModuleManager: Shutting down and abandoning module AutomationWindow (404)
[2018.02.27-10.18.15:501][451]LogModuleManager: Shutting down and abandoning module Layers (402)
[2018.02.27-10.18.15:501][451]LogModuleManager: Shutting down and abandoning module ComponentVisualizers (400)
[2018.02.27-10.18.15:501][451]LogModuleManager: Shutting down and abandoning module DetailCustomizations (398)
[2018.02.27-10.18.15:501][451]LogModuleManager: Shutting down and abandoning module PackagesDialog (396)
[2018.02.27-10.18.15:501][451]LogModuleManager: Shutting down and abandoning module Persona (394)
[2018.02.27-10.18.15:501][451]LogModuleManager: Shutting down and abandoning module AdvancedPreviewScene (393)
[2018.02.27-10.18.15:501][451]LogModuleManager: Shutting down and abandoning module AnimGraph (391)
[2018.02.27-10.18.15:502][451]LogModuleManager: Shutting down and abandoning module Kismet (388)
[2018.02.27-10.18.15:517][451]LogModuleManager: Shutting down and abandoning module ClassViewer (386)
[2018.02.27-10.18.15:518][451]LogModuleManager: Shutting down and abandoning module Toolbox (384)
[2018.02.27-10.18.15:518][451]LogModuleManager: Shutting down and abandoning module ModuleUI (382)
[2018.02.27-10.18.15:518][451]LogModuleManager: Shutting down and abandoning module MovieSceneTools (380)
[2018.02.27-10.18.15:518][451]LogModuleManager: Shutting down and abandoning module OutputLog (378)
[2018.02.27-10.18.15:518][451]LogModuleManager: Shutting down and abandoning module GammaUI (376)
[2018.02.27-10.18.15:518][451]LogModuleManager: Shutting down and abandoning module Documentation (374)
[2018.02.27-10.18.15:518][451]LogModuleManager: Shutting down and abandoning module MovieSceneTracks (372)
[2018.02.27-10.18.15:518][451]LogModuleManager: Shutting down and abandoning module MovieScene (370)
[2018.02.27-10.18.15:518][451]LogModuleManager: Shutting down and abandoning module StreamingPauseRendering (368)
[2018.02.27-10.18.15:518][451]LogModuleManager: Shutting down and abandoning module LauncherPlatform (366)
[2018.02.27-10.18.15:518][451]LogModuleManager: Shutting down and abandoning module AnalyticsET (364)
[2018.02.27-10.18.15:518][451]LogModuleManager: Shutting down and abandoning module PortalServices (362)
[2018.02.27-10.18.15:518][451]LogModuleManager: Shutting down and abandoning module PortalRpc (360)
[2018.02.27-10.18.15:518][451]LogModuleManager: Shutting down and abandoning module MessagingRpc (358)
[2018.02.27-10.18.15:518][451]LogModuleManager: Shutting down and abandoning module AIModule (356)
[2018.02.27-10.18.15:518][451]LogModuleManager: Shutting down and abandoning module GameplayDebugger (355)
[2018.02.27-10.18.15:518][451]LogModuleManager: Shutting down and abandoning module AITestSuite (353)
[2018.02.27-10.18.15:519][451]LogModuleManager: Shutting down and abandoning module DesktopPlatform (350)
[2018.02.27-10.18.15:519][451]LogModuleManager: Shutting down and abandoning module ProfilerService (348)
[2018.02.27-10.18.15:716][451]LogModuleManager: Shutting down and abandoning module TaskGraph (346)
[2018.02.27-10.18.15:716][451]LogModuleManager: Shutting down and abandoning module SteamVRController (344)
[2018.02.27-10.18.15:716][451]LogModuleManager: Shutting down and abandoning module ProceduralMeshComponentEditor (342)
[2018.02.27-10.18.15:716][451]LogModuleManager: Shutting down and abandoning module ProceduralMeshComponent (340)
[2018.02.27-10.18.15:716][451]LogModuleManager: Shutting down and abandoning module OculusInput (338)
[2018.02.27-10.18.15:716][451]LogModuleManager: Shutting down and abandoning module MobilePatchingUtils (336)
[2018.02.27-10.18.15:716][451]LogModuleManager: Shutting down and abandoning module CustomMeshComponent (334)
[2018.02.27-10.18.15:716][451]LogModuleManager: Shutting down and abandoning module CableComponent (332)
[2018.02.27-10.18.15:717][451]LogModuleManager: Shutting down and abandoning module ArchVisCharacter (330)
[2018.02.27-10.18.15:717][451]LogModuleManager: Shutting down and abandoning module AndroidPermission (328)
[2018.02.27-10.18.15:717][451]LogModuleManager: Shutting down and abandoning module ActorSequence (324)
[2018.02.27-10.18.15:717][451]LogModuleManager: Shutting down and abandoning module MediaPlayerEditor (322)
[2018.02.27-10.18.15:717][451]LogModuleManager: Shutting down and abandoning module MediaCompositingEditor (320)
[2018.02.27-10.18.15:717][451]LogModuleManager: Shutting down and abandoning module MediaCompositing (318)
[2018.02.27-10.18.15:717][451]LogModuleManager: Shutting down and abandoning module HTML5Networking (316)
[2018.02.27-10.18.15:717][451]LogModuleManager: Shutting down and abandoning module AlembicImporter (314)
[2018.02.27-10.18.15:717][451]LogModuleManager: Shutting down and abandoning module AlembicLibrary (313)
[2018.02.27-10.18.15:717][451]LogModuleManager: Shutting down and abandoning module GeometryCache (312)
[2018.02.27-10.18.15:717][451]LogModuleManager: Shutting down and abandoning module GeometryCacheEd (311)
[2018.02.27-10.18.15:717][451]LogModuleManager: Shutting down and abandoning module SpeedTreeImporter (306)
[2018.02.27-10.18.15:717][451]LogModuleManager: Shutting down and abandoning module PluginBrowser (304)
[2018.02.27-10.18.15:717][451]LogModuleManager: Shutting down and abandoning module MobileLauncherProfileWizard (302)
[2018.02.27-10.18.15:717][451]LogModuleManager: Shutting down and abandoning module VisualStudioSourceCodeAccess (300)
[2018.02.27-10.18.15:717][451]LogModuleManager: Shutting down and abandoning module VisualStudioCodeSourceCodeAccess (298)
[2018.02.27-10.18.15:717][451]LogModuleManager: Shutting down and abandoning module UObjectPlugin (296)
[2018.02.27-10.18.15:718][451]LogModuleManager: Shutting down and abandoning module SubversionSourceControl (294)
[2018.02.27-10.18.15:718][451]LogModuleManager: Shutting down and abandoning module PerforceSourceControl (292)
[2018.02.27-10.18.15:718][451]LogModuleManager: Shutting down and abandoning module GitSourceControl (290)
[2018.02.27-10.18.15:718][451]LogModuleManager: Shutting down and abandoning module SourceControl (289)
[2018.02.27-10.18.15:718][451]LogModuleManager: Shutting down and abandoning module LightPropagationVolumeEditor (286)
[2018.02.27-10.18.15:718][451]LogModuleManager: Shutting down and abandoning module PaperTiledImporter (284)
[2018.02.27-10.18.15:718][451]LogModuleManager: Shutting down and abandoning module PaperSpriteSheetImporter (282)
[2018.02.27-10.18.15:718][451]LogModuleManager: Shutting down and abandoning module Paper2DEditor (280)
[2018.02.27-10.18.15:718][451]LogModuleManager: Shutting down and abandoning module MeshPaint (279)
[2018.02.27-10.18.15:718][451]LogModuleManager: Shutting down and abandoning module LevelEditor (277)
[2018.02.27-10.18.15:720][451]LogModuleManager: Shutting down and abandoning module PixelInspectorModule (276)
[2018.02.27-10.18.15:720][451]LogModuleManager: Shutting down and abandoning module MainFrame (274)
[2018.02.27-10.18.15:720][451]LogModuleManager: Shutting down and abandoning module HotReload (273)
[2018.02.27-10.18.15:721][451]LogModuleManager: Shutting down and abandoning module RuntimePhysXCooking (268)
[2018.02.27-10.18.15:721][451]LogModuleManager: Shutting down and abandoning module PhysXVehiclesEditor (266)
[2018.02.27-10.18.15:721][451]LogModuleManager: Shutting down and abandoning module PhysXVehicles (264)
[2018.02.27-10.18.15:721][451]LogModuleManager: Shutting down and abandoning module OculusEditor (262)
[2018.02.27-10.18.15:721][451]LogModuleManager: Shutting down and abandoning module LocationServicesBPLibrary (260)
[2018.02.27-10.18.15:721][451]LogModuleManager: Shutting down and abandoning module ImmediatePhysicsEditor (258)
[2018.02.27-10.18.15:721][451]LogModuleManager: Shutting down and abandoning module ImmediatePhysics (256)
[2018.02.27-10.18.15:721][451]LogModuleManager: Shutting down and abandoning module UdpMessaging (254)
[2018.02.27-10.18.15:822][451]LogModuleManager: Shutting down and abandoning module TcpMessaging (252)
[2018.02.27-10.18.15:922][451]LogModuleManager: Shutting down and abandoning module GameplayTagsEditor (250)
[2018.02.27-10.18.15:922][451]LogModuleManager: Shutting down and abandoning module FacialAnimationEditor (248)
[2018.02.27-10.18.15:922][451]LogModuleManager: Shutting down and abandoning module FacialAnimation (246)
[2018.02.27-10.18.15:922][451]LogModuleManager: Shutting down and abandoning module AssetManagerEditor (244)
[2018.02.27-10.18.15:922][451]LogModuleManager: Shutting down and abandoning module GraphEditor (243)
[2018.02.27-10.18.15:923][451]LogModuleManager: Shutting down and abandoning module ContentBrowser (241)
[2018.02.27-10.18.15:924][451]LogModuleManager: Shutting down and abandoning module LightPropagationVolumeRuntime (238)
[2018.02.27-10.18.15:924][451]LogModuleManager: Shutting down and abandoning module Paper2D (236)
[2018.02.27-10.18.15:924][451]LogModuleManager: Shutting down and abandoning module WindowsMoviePlayer (234)
[2018.02.27-10.18.15:925][451]LogModuleManager: Shutting down and abandoning module WmfMedia (232)
[2018.02.27-10.18.15:928][451]LogModuleManager: Shutting down and abandoning module ImgMedia (230)
[2018.02.27-10.18.15:929][451]LogModuleManager: Shutting down and abandoning module PacketHandler (228)
[2018.02.27-10.18.15:929][451]LogModuleManager: Shutting down and abandoning module ClothingSystemEditor (226)
[2018.02.27-10.18.15:929][451]LogModuleManager: Shutting down and abandoning module ClothingSystemRuntime (224)
[2018.02.27-10.18.15:929][451]LogModuleManager: Shutting down and abandoning module MediaAssets (222)
[2018.02.27-10.18.15:929][451]LogModuleManager: Shutting down and abandoning module Media (221)
[2018.02.27-10.18.15:935][451]LogModuleManager: Shutting down and abandoning module Overlay (218)
[2018.02.27-10.18.15:935][451]LogModuleManager: Shutting down and abandoning module OverlayEditor (217)
[2018.02.27-10.18.15:935][451]LogModuleManager: Shutting down and abandoning module VREditor (214)
[2018.02.27-10.18.15:935][451]LogModuleManager: Shutting down and abandoning module StringTableEditor (212)
[2018.02.27-10.18.15:935][451]LogModuleManager: Shutting down and abandoning module GameplayTasksEditor (210)
[2018.02.27-10.18.15:935][451]LogModuleManager: Shutting down and abandoning module BehaviorTreeEditor (208)
[2018.02.27-10.18.15:935][451]LogModuleManager: Shutting down and abandoning module FunctionalTesting (206)
[2018.02.27-10.18.15:935][451]LogModuleManager: Shutting down and abandoning module CollisionAnalyzer (204)
[2018.02.27-10.18.15:936][451]LogModuleManager: Shutting down and abandoning module WorkspaceMenuStructure (203)
[2018.02.27-10.18.15:936][451]LogModuleManager: Shutting down and abandoning module UMG (200)
[2018.02.27-10.18.15:936][451]LogModuleManager: Shutting down and abandoning module UMGEditor (199)
[2018.02.27-10.18.15:936][451]LogModuleManager: Shutting down and abandoning module Sequencer (198)
[2018.02.27-10.18.15:936][451]LogModuleManager: Shutting down and abandoning module MessageLog (195)
[2018.02.27-10.18.15:936][451]LogModuleManager: Shutting down and abandoning module SlateReflector (190)
[2018.02.27-10.18.15:936][451]LogModuleManager: Shutting down and abandoning module Slate (188)
[2018.02.27-10.18.15:936][451]LogModuleManager: Shutting down and abandoning module EditorStyle (186)
[2018.02.27-10.18.15:940][451]LogModuleManager: Shutting down and abandoning module MRMesh (184)
[2018.02.27-10.18.15:940][451]LogModuleManager: Shutting down and abandoning module SourceCodeAccess (182)
[2018.02.27-10.18.15:940][451]LogModuleManager: Shutting down and abandoning module HeadMountedDisplay (180)
[2018.02.27-10.18.15:940][451]LogModuleManager: Shutting down and abandoning module XAudio2 (178)
[2018.02.27-10.18.15:940][451]LogModuleManager: Shutting down and abandoning module Networking (176)
[2018.02.27-10.18.15:940][451]LogModuleManager: Shutting down and abandoning module Core (172)
[2018.02.27-10.18.15:941][451]LogModuleManager: Shutting down and abandoning module LevelSequence (168)
[2018.02.27-10.18.15:941][451]LogModuleManager: Shutting down and abandoning module DirectoryWatcher (166)
[2018.02.27-10.18.15:942][451]LogModuleManager: Shutting down and abandoning module KismetCompiler (164)
[2018.02.27-10.18.15:942][451]LogModuleManager: Shutting down and abandoning module MeshUtilities (162)
[2018.02.27-10.18.15:942][451]LogModuleManager: Shutting down and abandoning module MeshMergeUtilities (161)
[2018.02.27-10.18.15:942][451]LogModuleManager: Shutting down and abandoning module MeshReductionInterface (160)
[2018.02.27-10.18.15:942][451]LogModuleManager: Shutting down and abandoning module SimplygonSwarm (159)
[2018.02.27-10.18.15:942][451]LogModuleManager: Shutting down and abandoning module SimplygonMeshReduction (157)
[2018.02.27-10.18.15:942][451]LogModuleManager: Shutting down and abandoning module QuadricMeshReduction (155)
[2018.02.27-10.18.15:942][451]LogModuleManager: Shutting down and abandoning module MaterialBaking (151)
[2018.02.27-10.18.15:942][451]LogModuleManager: Shutting down and abandoning module DerivedDataCache (148)
[2018.02.27-10.18.15:987][451]LogDerivedDataCache: Shutdown
[2018.02.27-10.18.15:987][451]LogModuleManager: Shutting down and abandoning module TargetPlatform (146)
[2018.02.27-10.18.15:987][451]LogModuleManager: Shutting down and abandoning module VulkanShaderFormat (145)
[2018.02.27-10.18.15:987][451]LogModuleManager: Shutting down and abandoning module ShaderFormatVectorVM (143)
[2018.02.27-10.18.15:987][451]LogModuleManager: Shutting down and abandoning module ShaderFormatOpenGL (141)
[2018.02.27-10.18.15:987][451]LogModuleManager: Shutting down and abandoning module ShaderFormatD3D (139)
[2018.02.27-10.18.15:987][451]LogModuleManager: Shutting down and abandoning module MetalShaderFormat (137)
[2018.02.27-10.18.15:987][451]LogModuleManager: Shutting down and abandoning module TextureFormatUncompressed (135)
[2018.02.27-10.18.15:987][451]LogModuleManager: Shutting down and abandoning module TextureFormatPVR (133)
[2018.02.27-10.18.15:987][451]LogModuleManager: Shutting down and abandoning module TextureFormatDXT (131)
[2018.02.27-10.18.15:987][451]LogModuleManager: Shutting down and abandoning module TextureFormatIntelISPCTexComp (129)
[2018.02.27-10.18.15:987][451]LogModuleManager: Shutting down and abandoning module TextureFormatASTC (127)
[2018.02.27-10.18.15:987][451]LogModuleManager: Shutting down and abandoning module ImageWrapper (126)
[2018.02.27-10.18.15:987][451]LogModuleManager: Shutting down and abandoning module TextureFormatAndroid (123)
[2018.02.27-10.18.15:987][451]LogModuleManager: Shutting down and abandoning module AudioFormatOpus (121)
[2018.02.27-10.18.15:988][451]LogModuleManager: Shutting down and abandoning module AudioFormatOgg (119)
[2018.02.27-10.18.15:988][451]LogModuleManager: Shutting down and abandoning module AudioFormatADPCM (117)
[2018.02.27-10.18.15:988][451]LogModuleManager: Shutting down and abandoning module LinuxTargetPlatform (115)
[2018.02.27-10.18.15:988][451]LogModuleManager: Shutting down and abandoning module LinuxServerTargetPlatform (113)
[2018.02.27-10.18.15:988][451]LogModuleManager: Shutting down and abandoning module LinuxNoEditorTargetPlatform (111)
[2018.02.27-10.18.15:988][451]LogModuleManager: Shutting down and abandoning module LinuxClientTargetPlatform (109)
[2018.02.27-10.18.15:988][451]LogModuleManager: Shutting down and abandoning module TVOSTargetPlatform (107)
[2018.02.27-10.18.15:988][451]LogModuleManager: Shutting down and abandoning module Messaging (105)
[2018.02.27-10.18.15:988][451]LogModuleManager: Shutting down and abandoning module IOSTargetPlatform (103)
[2018.02.27-10.18.15:988][451]LogModuleManager: Shutting down and abandoning module HTML5TargetPlatform (101)
[2018.02.27-10.18.15:988][451]LogModuleManager: Shutting down and abandoning module AndroidTargetPlatform (99)
[2018.02.27-10.18.15:988][451]LogModuleManager: Shutting down and abandoning module Android_PVRTCTargetPlatform (97)
[2018.02.27-10.18.15:988][451]LogModuleManager: Shutting down and abandoning module Android_MultiTargetPlatform (95)
[2018.02.27-10.18.15:988][451]LogModuleManager: Shutting down and abandoning module Android_ETC2TargetPlatform (93)
[2018.02.27-10.18.15:988][451]LogModuleManager: Shutting down and abandoning module Android_ETC1TargetPlatform (91)
[2018.02.27-10.18.15:988][451]LogModuleManager: Shutting down and abandoning module Android_DXTTargetPlatform (89)
[2018.02.27-10.18.15:988][451]LogModuleManager: Shutting down and abandoning module Android_ATCTargetPlatform (87)
[2018.02.27-10.18.15:988][451]LogModuleManager: Shutting down and abandoning module Android_ASTCTargetPlatform (85)
[2018.02.27-10.18.15:988][451]LogModuleManager: Shutting down and abandoning module WindowsTargetPlatform (83)
[2018.02.27-10.18.15:988][451]LogModuleManager: Shutting down and abandoning module WindowsServerTargetPlatform (81)
[2018.02.27-10.18.15:988][451]LogModuleManager: Shutting down and abandoning module WindowsNoEditorTargetPlatform (79)
[2018.02.27-10.18.15:988][451]LogModuleManager: Shutting down and abandoning module WindowsClientTargetPlatform (77)
[2018.02.27-10.18.15:988][451]LogModuleManager: Shutting down and abandoning module MacTargetPlatform (75)
[2018.02.27-10.18.15:988][451]LogModuleManager: Shutting down and abandoning module MacServerTargetPlatform (73)
[2018.02.27-10.18.15:988][451]LogModuleManager: Shutting down and abandoning module MacNoEditorTargetPlatform (71)
[2018.02.27-10.18.15:988][451]LogModuleManager: Shutting down and abandoning module MacClientTargetPlatform (69)
[2018.02.27-10.18.15:989][451]LogModuleManager: Shutting down and abandoning module AllDesktopTargetPlatform (67)
[2018.02.27-10.18.15:989][451]LogModuleManager: Shutting down and abandoning module InputCore (64)
[2018.02.27-10.18.15:989][451]LogModuleManager: Shutting down and abandoning module Settings (62)
[2018.02.27-10.18.15:989][451]LogModuleManager: Shutting down and abandoning module PhysXCooking (60)
[2018.02.27-10.18.15:989][451]LogModuleManager: Shutting down and abandoning module SteamVR (58)
[2018.02.27-10.18.15:989][451]LogModuleManager: Shutting down and abandoning module OculusHMD (56)
[2018.02.27-10.18.15:989][451]LogModuleManager: Shutting down and abandoning module ExampleDeviceProfileSelector (54)
[2018.02.27-10.18.15:989][451]LogModuleManager: Shutting down and abandoning module AppleARKit (52)
[2018.02.27-10.18.15:989][451]LogModuleManager: Shutting down and abandoning module AugmentedReality (51)
[2018.02.27-10.18.15:989][451]LogModuleManager: Shutting down and abandoning module OnlineBlueprintSupport (48)
[2018.02.27-10.18.15:989][451]LogModuleManager: Shutting down and abandoning module OnlineSubsystem (44)
[2018.02.27-10.18.15:989][451]LogModuleManager: Shutting down and abandoning module XMPP (43)
[2018.02.27-10.18.15:989][451]LogModuleManager: Shutting down and abandoning module HTTP (41)
[2018.02.27-10.18.15:989][451]LogHttp: Display: Http module shutting down, but needs to wait on 1 outstanding Http requests:
[2018.02.27-10.18.15:989][451]LogHttp: Display: 	verb=[POST] url=[https://datarouter.ol.epicgames.com/datarouter/api/v1/public/data?SessionID=%7B80A1CA35-4A21-0CD8-D485-0186702A7DFA%7D&AppID=UEEditor.Rocket.Release&AppVersion=4.18.3-3832480%2B%2B%2BUE4%2BRelease-4.18&UserID=3a162cb14abfd25adac11c82a8d93225%7C79ca1459ac0c452e8435b8121770c5e8%7C06e6b133-ddda-4ea5-8647-151719fdcc8d&AppEnvironment=datacollector-binary&UploadType=eteventstream] status=Processing
[2018.02.27-10.18.15:996][451]LogModuleManager: Shutting down and abandoning module SSL (40)
[2018.02.27-10.18.15:998][451]LogModuleManager: Shutting down and abandoning module AnimationModifiers (36)
[2018.02.27-10.18.15:998][451]LogModuleManager: Shutting down and abandoning module PropertyEditor (35)
[2018.02.27-10.18.15:999][451]LogModuleManager: Shutting down and abandoning module AudioEditor (32)
[2018.02.27-10.18.15:999][451]LogModuleManager: Shutting down and abandoning module TextureCompressor (30)
[2018.02.27-10.18.15:999][451]LogModuleManager: Shutting down and abandoning module ShaderCore (28)
[2018.02.27-10.18.15:999][451]LogModuleManager: Shutting down and abandoning module Landscape (26)
[2018.02.27-10.18.15:999][451]LogModuleManager: Shutting down and abandoning module SlateRHIRenderer (24)
[2018.02.27-10.18.16:001][451]LogModuleManager: Shutting down and abandoning module OpenGLDrv (22)
[2018.02.27-10.18.16:001][451]LogModuleManager: Shutting down and abandoning module D3D11RHI (20)
[2018.02.27-10.18.16:001][451]LogModuleManager: Shutting down and abandoning module AnimGraphRuntime (18)
[2018.02.27-10.18.16:001][451]LogModuleManager: Shutting down and abandoning module Renderer (16)
[2018.02.27-10.18.16:001][451]LogModuleManager: Shutting down and abandoning module Engine (14)
[2018.02.27-10.18.16:001][451]LogModuleManager: Shutting down and abandoning module CoreUObject (12)
[2018.02.27-10.18.16:001][451]LogModuleManager: Shutting down and abandoning module NetworkFile (10)
[2018.02.27-10.18.16:001][451]LogModuleManager: Shutting down and abandoning module CookedIterativeFile (8)
[2018.02.27-10.18.16:001][451]LogModuleManager: Shutting down and abandoning module StreamingFile (6)
[2018.02.27-10.18.16:001][451]LogModuleManager: Shutting down and abandoning module SandboxFile (4)
[2018.02.27-10.18.16:002][451]LogModuleManager: Shutting down and abandoning module PakFile (2)
[2018.02.27-10.18.16:017][451]LogExit: Exiting.
[2018.02.27-10.18.16:051][451]Log file closed, 02/27/18 11:18:16
